<?xml version="1.0" ?>
<coverage branch-rate="0" branches-covered="0" branches-valid="0" complexity="0" line-rate="0.5242" lines-covered="681" lines-valid="1299" timestamp="1601732747548" version="5.3">
	<!-- Generated by coverage.py: https://coverage.readthedocs.io -->
	<!-- Based on https://raw.githubusercontent.com/cobertura/web/master/htdocs/xml/coverage-04.dtd -->
	<sources>
		<source>/mnt/f/WebstormProjects/bluefield-MUC/werk24</source>
	</sources>
	<packages>
		<package branch-rate="0" complexity="0" line-rate="0" name=".">
			<classes>
				<class branch-rate="0" complexity="0" filename="setup.py" line-rate="0" name="setup.py">
					<methods/>
					<lines>
						<line hits="0" number="1"/>
						<line hits="0" number="2"/>
						<line hits="0" number="4"/>
						<line hits="0" number="6"/>
						<line hits="0" number="7"/>
						<line hits="0" number="10"/>
						<line hits="0" number="11"/>
						<line hits="0" number="12"/>
						<line hits="0" number="13"/>
						<line hits="0" number="14"/>
						<line hits="0" number="15"/>
						<line hits="0" number="17"/>
						<line hits="0" number="22"/>
						<line hits="0" number="23"/>
						<line hits="0" number="24"/>
						<line hits="0" number="25"/>
						<line hits="0" number="28"/>
					</lines>
				</class>
			</classes>
		</package>
		<package branch-rate="0" complexity="0" line-rate="0.9706" name="test">
			<classes>
				<class branch-rate="0" complexity="0" filename="test/__init__.py" line-rate="1" name="__init__.py">
					<methods/>
					<lines/>
				</class>
				<class branch-rate="0" complexity="0" filename="test/techread_auth_client_test.py" line-rate="0.9355" name="techread_auth_client_test.py">
					<methods/>
					<lines>
						<line hits="1" number="1"/>
						<line hits="1" number="3"/>
						<line hits="1" number="4"/>
						<line hits="1" number="5"/>
						<line hits="1" number="6"/>
						<line hits="1" number="7"/>
						<line hits="1" number="8"/>
						<line hits="1" number="9"/>
						<line hits="1" number="11"/>
						<line hits="1" number="13"/>
						<line hits="1" number="17"/>
						<line hits="1" number="21"/>
						<line hits="1" number="29"/>
						<line hits="1" number="34"/>
						<line hits="1" number="41"/>
						<line hits="1" number="44"/>
						<line hits="1" number="45"/>
						<line hits="0" number="46"/>
						<line hits="1" number="48"/>
						<line hits="1" number="56"/>
						<line hits="1" number="59"/>
						<line hits="1" number="60"/>
						<line hits="1" number="61"/>
						<line hits="1" number="62"/>
						<line hits="1" number="65"/>
						<line hits="1" number="66"/>
						<line hits="0" number="67"/>
						<line hits="1" number="70"/>
						<line hits="1" number="72"/>
						<line hits="1" number="82"/>
						<line hits="1" number="83"/>
					</lines>
				</class>
				<class branch-rate="0" complexity="0" filename="test/techread_client_test.py" line-rate="1" name="techread_client_test.py">
					<methods/>
					<lines>
						<line hits="1" number="1"/>
						<line hits="1" number="2"/>
						<line hits="1" number="3"/>
						<line hits="1" number="6"/>
						<line hits="1" number="10"/>
						<line hits="1" number="20"/>
						<line hits="1" number="21"/>
					</lines>
				</class>
				<class branch-rate="0" complexity="0" filename="test/techread_page_integration_test.py" line-rate="1" name="techread_page_integration_test.py">
					<methods/>
					<lines>
						<line hits="1" number="1"/>
						<line hits="1" number="3"/>
						<line hits="1" number="4"/>
						<line hits="1" number="5"/>
						<line hits="1" number="8"/>
						<line hits="1" number="10"/>
						<line hits="1" number="12"/>
						<line hits="1" number="15"/>
						<line hits="1" number="19"/>
						<line hits="1" number="20"/>
						<line hits="1" number="28"/>
						<line hits="1" number="29"/>
						<line hits="1" number="30"/>
						<line hits="1" number="33"/>
						<line hits="1" number="34"/>
						<line hits="1" number="35"/>
						<line hits="1" number="38"/>
						<line hits="1" number="44"/>
						<line hits="1" number="45"/>
						<line hits="1" number="48"/>
						<line hits="1" number="51"/>
						<line hits="1" number="54"/>
						<line hits="1" number="55"/>
					</lines>
				</class>
				<class branch-rate="0" complexity="0" filename="test/utils.py" line-rate="1" name="utils.py">
					<methods/>
					<lines>
						<line hits="1" number="1"/>
						<line hits="1" number="2"/>
						<line hits="1" number="4"/>
						<line hits="1" number="7"/>
						<line hits="1" number="14"/>
						<line hits="1" number="15"/>
						<line hits="1" number="16"/>
					</lines>
				</class>
			</classes>
		</package>
		<package branch-rate="0" complexity="0" line-rate="0.7955" name="werk24">
			<classes>
				<class branch-rate="0" complexity="0" filename="werk24/__init__.py" line-rate="1" name="__init__.py">
					<methods/>
					<lines>
						<line hits="1" number="1"/>
						<line hits="1" number="2"/>
						<line hits="1" number="3"/>
					</lines>
				</class>
				<class branch-rate="0" complexity="0" filename="werk24/_version.py" line-rate="1" name="_version.py">
					<methods/>
					<lines>
						<line hits="1" number="1"/>
					</lines>
				</class>
				<class branch-rate="0" complexity="0" filename="werk24/auth_client.py" line-rate="0.8852" name="auth_client.py">
					<methods/>
					<lines>
						<line hits="1" number="3"/>
						<line hits="1" number="4"/>
						<line hits="1" number="5"/>
						<line hits="1" number="6"/>
						<line hits="1" number="7"/>
						<line hits="1" number="9"/>
						<line hits="1" number="10"/>
						<line hits="1" number="13"/>
						<line hits="1" number="25"/>
						<line hits="1" number="34"/>
						<line hits="1" number="35"/>
						<line hits="1" number="36"/>
						<line hits="1" number="37"/>
						<line hits="1" number="38"/>
						<line hits="1" number="41"/>
						<line hits="1" number="42"/>
						<line hits="1" number="45"/>
						<line hits="1" number="47"/>
						<line hits="1" number="55"/>
						<line hits="1" number="56"/>
						<line hits="1" number="58"/>
						<line hits="1" number="73"/>
						<line hits="1" number="74"/>
						<line hits="1" number="79"/>
						<line hits="1" number="82"/>
						<line hits="1" number="84"/>
						<line hits="1" number="87"/>
						<line hits="1" number="89"/>
						<line hits="1" number="91"/>
						<line hits="0" number="92"/>
						<line hits="1" number="94"/>
						<line hits="1" number="95"/>
						<line hits="1" number="98"/>
						<line hits="1" number="99"/>
						<line hits="1" number="100"/>
						<line hits="0" number="101"/>
						<line hits="1" number="106"/>
						<line hits="1" number="108"/>
						<line hits="1" number="116"/>
						<line hits="1" number="119"/>
						<line hits="1" number="122"/>
						<line hits="1" number="127"/>
						<line hits="1" number="128"/>
						<line hits="1" number="130"/>
						<line hits="1" number="143"/>
						<line hits="1" number="146"/>
						<line hits="1" number="152"/>
						<line hits="1" number="154"/>
						<line hits="1" number="166"/>
						<line hits="0" number="167"/>
						<line hits="1" number="170"/>
						<line hits="1" number="171"/>
						<line hits="1" number="174"/>
						<line hits="1" number="180"/>
						<line hits="1" number="181"/>
						<line hits="0" number="190"/>
						<line hits="0" number="191"/>
						<line hits="1" number="194"/>
						<line hits="1" number="195"/>
						<line hits="0" number="196"/>
						<line hits="0" number="197"/>
					</lines>
				</class>
				<class branch-rate="0" complexity="0" filename="werk24/exceptions.py" line-rate="1" name="exceptions.py">
					<methods/>
					<lines>
						<line hits="1" number="5"/>
						<line hits="1" number="12"/>
						<line hits="1" number="19"/>
						<line hits="1" number="24"/>
						<line hits="1" number="30"/>
						<line hits="1" number="36"/>
						<line hits="1" number="46"/>
						<line hits="1" number="51"/>
						<line hits="1" number="57"/>
					</lines>
				</class>
				<class branch-rate="0" complexity="0" filename="werk24/techread_client.py" line-rate="0.7156" name="techread_client.py">
					<methods/>
					<lines>
						<line hits="1" number="22"/>
						<line hits="1" number="23"/>
						<line hits="1" number="24"/>
						<line hits="1" number="25"/>
						<line hits="1" number="26"/>
						<line hits="1" number="28"/>
						<line hits="1" number="29"/>
						<line hits="1" number="31"/>
						<line hits="1" number="32"/>
						<line hits="1" number="34"/>
						<line hits="1" number="35"/>
						<line hits="1" number="40"/>
						<line hits="1" number="41"/>
						<line hits="1" number="44"/>
						<line hits="1" number="47"/>
						<line hits="1" number="63"/>
						<line hits="1" number="72"/>
						<line hits="1" number="73"/>
						<line hits="1" number="74"/>
						<line hits="1" number="75"/>
						<line hits="1" number="78"/>
						<line hits="1" number="84"/>
						<line hits="1" number="113"/>
						<line hits="1" number="117"/>
						<line hits="1" number="120"/>
						<line hits="1" number="124"/>
						<line hits="1" number="127"/>
						<line hits="1" number="143"/>
						<line hits="0" number="144"/>
						<line hits="1" number="149"/>
						<line hits="1" number="150"/>
						<line hits="1" number="153"/>
						<line hits="1" number="156"/>
						<line hits="1" number="159"/>
						<line hits="1" number="161"/>
						<line hits="1" number="172"/>
						<line hits="1" number="176"/>
						<line hits="1" number="179"/>
						<line hits="1" number="204"/>
						<line hits="1" number="212"/>
						<line hits="1" number="215"/>
						<line hits="1" number="216"/>
						<line hits="1" number="218"/>
						<line hits="1" number="219"/>
						<line hits="0" number="225"/>
						<line hits="1" number="227"/>
						<line hits="1" number="264"/>
						<line hits="1" number="267"/>
						<line hits="0" number="268"/>
						<line hits="1" number="272"/>
						<line hits="1" number="283"/>
						<line hits="1" number="288"/>
						<line hits="1" number="289"/>
						<line hits="1" number="292"/>
						<line hits="1" number="298"/>
						<line hits="1" number="299"/>
						<line hits="1" number="302"/>
						<line hits="0" number="306"/>
						<line hits="0" number="307"/>
						<line hits="1" number="320"/>
						<line hits="1" number="323"/>
						<line hits="1" number="332"/>
						<line hits="1" number="335"/>
						<line hits="1" number="336"/>
						<line hits="1" number="341"/>
						<line hits="1" number="343"/>
						<line hits="1" number="344"/>
						<line hits="1" number="367"/>
						<line hits="1" number="368"/>
						<line hits="1" number="369"/>
						<line hits="1" number="374"/>
						<line hits="1" number="378"/>
						<line hits="1" number="382"/>
						<line hits="1" number="383"/>
						<line hits="1" number="387"/>
						<line hits="1" number="395"/>
						<line hits="1" number="404"/>
						<line hits="1" number="405"/>
						<line hits="1" number="414"/>
						<line hits="1" number="416"/>
						<line hits="0" number="436"/>
						<line hits="0" number="441"/>
						<line hits="0" number="445"/>
						<line hits="0" number="446"/>
						<line hits="0" number="449"/>
						<line hits="0" number="450"/>
						<line hits="0" number="453"/>
						<line hits="0" number="454"/>
						<line hits="1" number="456"/>
						<line hits="0" number="477"/>
						<line hits="0" number="480"/>
						<line hits="0" number="481"/>
						<line hits="0" number="485"/>
						<line hits="0" number="486"/>
						<line hits="0" number="492"/>
						<line hits="0" number="497"/>
						<line hits="0" number="498"/>
						<line hits="0" number="500"/>
						<line hits="1" number="502"/>
						<line hits="1" number="503"/>
						<line hits="0" number="523"/>
						<line hits="0" number="524"/>
						<line hits="0" number="525"/>
						<line hits="0" number="532"/>
						<line hits="0" number="533"/>
						<line hits="0" number="539"/>
						<line hits="0" number="540"/>
						<line hits="0" number="546"/>
						<line hits="0" number="550"/>
					</lines>
				</class>
				<class branch-rate="0" complexity="0" filename="werk24/techread_client_https.py" line-rate="0.7887" name="techread_client_https.py">
					<methods/>
					<lines>
						<line hits="1" number="3"/>
						<line hits="1" number="4"/>
						<line hits="1" number="5"/>
						<line hits="1" number="6"/>
						<line hits="1" number="8"/>
						<line hits="1" number="9"/>
						<line hits="1" number="11"/>
						<line hits="1" number="15"/>
						<line hits="1" number="17"/>
						<line hits="1" number="20"/>
						<line hits="1" number="26"/>
						<line hits="1" number="28"/>
						<line hits="1" number="35"/>
						<line hits="1" number="36"/>
						<line hits="1" number="37"/>
						<line hits="1" number="38"/>
						<line hits="1" number="40"/>
						<line hits="1" number="56"/>
						<line hits="0" number="57"/>
						<line hits="1" number="61"/>
						<line hits="1" number="62"/>
						<line hits="1" number="63"/>
						<line hits="1" number="65"/>
						<line hits="1" number="74"/>
						<line hits="1" number="75"/>
						<line hits="1" number="77"/>
						<line hits="1" number="84"/>
						<line hits="1" number="86"/>
						<line hits="1" number="137"/>
						<line hits="0" number="138"/>
						<line hits="1" number="142"/>
						<line hits="1" number="143"/>
						<line hits="1" number="144"/>
						<line hits="1" number="145"/>
						<line hits="1" number="149"/>
						<line hits="1" number="150"/>
						<line hits="1" number="157"/>
						<line hits="1" number="159"/>
						<line hits="0" number="175"/>
						<line hits="1" number="180"/>
						<line hits="1" number="229"/>
						<line hits="1" number="230"/>
						<line hits="0" number="231"/>
						<line hits="1" number="236"/>
						<line hits="1" number="237"/>
						<line hits="0" number="240"/>
						<line hits="0" number="244"/>
						<line hits="1" number="247"/>
						<line hits="1" number="249"/>
						<line hits="1" number="291"/>
						<line hits="0" number="292"/>
						<line hits="1" number="296"/>
						<line hits="1" number="300"/>
						<line hits="1" number="301"/>
						<line hits="0" number="302"/>
						<line hits="0" number="303"/>
						<line hits="1" number="306"/>
						<line hits="1" number="308"/>
						<line hits="1" number="309"/>
						<line hits="1" number="351"/>
						<line hits="0" number="352"/>
						<line hits="1" number="358"/>
						<line hits="0" number="359"/>
						<line hits="1" number="368"/>
						<line hits="0" number="369"/>
						<line hits="1" number="373"/>
						<line hits="0" number="374"/>
						<line hits="1" number="378"/>
						<line hits="0" number="379"/>
						<line hits="1" number="384"/>
						<line hits="0" number="385"/>
					</lines>
				</class>
				<class branch-rate="0" complexity="0" filename="werk24/techread_client_wss.py" line-rate="0.8148" name="techread_client_wss.py">
					<methods/>
					<lines>
						<line hits="1" number="3"/>
						<line hits="1" number="4"/>
						<line hits="1" number="5"/>
						<line hits="1" number="7"/>
						<line hits="1" number="8"/>
						<line hits="1" number="9"/>
						<line hits="1" number="10"/>
						<line hits="1" number="11"/>
						<line hits="1" number="13"/>
						<line hits="1" number="16"/>
						<line hits="1" number="21"/>
						<line hits="1" number="22"/>
						<line hits="1" number="23"/>
						<line hits="1" number="24"/>
						<line hits="1" number="25"/>
						<line hits="1" number="27"/>
						<line hits="1" number="41"/>
						<line hits="0" number="42"/>
						<line hits="1" number="47"/>
						<line hits="1" number="52"/>
						<line hits="1" number="55"/>
						<line hits="1" number="60"/>
						<line hits="1" number="62"/>
						<line hits="1" number="71"/>
						<line hits="1" number="72"/>
						<line hits="1" number="74"/>
						<line hits="1" number="81"/>
						<line hits="1" number="83"/>
						<line hits="1" number="109"/>
						<line hits="0" number="110"/>
						<line hits="1" number="114"/>
						<line hits="1" number="117"/>
						<line hits="1" number="119"/>
						<line hits="1" number="132"/>
						<line hits="0" number="133"/>
						<line hits="1" number="137"/>
						<line hits="1" number="140"/>
						<line hits="1" number="143"/>
						<line hits="1" number="145"/>
						<line hits="1" number="146"/>
						<line hits="1" number="167"/>
						<line hits="1" number="168"/>
						<line hits="0" number="172"/>
						<line hits="0" number="177"/>
						<line hits="0" number="178"/>
						<line hits="0" number="182"/>
						<line hits="0" number="183"/>
						<line hits="0" number="186"/>
						<line hits="1" number="189"/>
						<line hits="1" number="191"/>
						<line hits="1" number="205"/>
						<line hits="0" number="206"/>
						<line hits="1" number="210"/>
						<line hits="1" number="213"/>
					</lines>
				</class>
			</classes>
		</package>
		<package branch-rate="0" complexity="0" line-rate="0" name="werk24.cli">
			<classes>
				<class branch-rate="0" complexity="0" filename="werk24/cli/__init__.py" line-rate="1" name="__init__.py">
					<methods/>
					<lines/>
				</class>
				<class branch-rate="0" complexity="0" filename="werk24/cli/techread.py" line-rate="0" name="techread.py">
					<methods/>
					<lines>
						<line hits="0" number="3"/>
						<line hits="0" number="4"/>
						<line hits="0" number="5"/>
						<line hits="0" number="6"/>
						<line hits="0" number="7"/>
						<line hits="0" number="8"/>
						<line hits="0" number="10"/>
						<line hits="0" number="11"/>
						<line hits="0" number="12"/>
						<line hits="0" number="16"/>
						<line hits="0" number="19"/>
						<line hits="0" number="22"/>
						<line hits="0" number="26"/>
						<line hits="0" number="32"/>
						<line hits="0" number="35"/>
						<line hits="0" number="36"/>
						<line hits="0" number="72"/>
						<line hits="0" number="85"/>
						<line hits="0" number="86"/>
						<line hits="0" number="89"/>
						<line hits="0" number="107"/>
						<line hits="0" number="108"/>
						<line hits="0" number="109"/>
						<line hits="0" number="110"/>
						<line hits="0" number="113"/>
						<line hits="0" number="116"/>
						<line hits="0" number="119"/>
						<line hits="0" number="120"/>
						<line hits="0" number="123"/>
						<line hits="0" number="135"/>
						<line hits="0" number="142"/>
						<line hits="0" number="143"/>
						<line hits="0" number="149"/>
						<line hits="0" number="150"/>
						<line hits="0" number="151"/>
						<line hits="0" number="153"/>
						<line hits="0" number="156"/>
						<line hits="0" number="159"/>
						<line hits="0" number="160"/>
						<line hits="0" number="164"/>
						<line hits="0" number="165"/>
						<line hits="0" number="167"/>
						<line hits="0" number="170"/>
						<line hits="0" number="175"/>
						<line hits="0" number="182"/>
						<line hits="0" number="189"/>
						<line hits="0" number="197"/>
					</lines>
				</class>
				<class branch-rate="0" complexity="0" filename="werk24/cli/w24cli.py" line-rate="0" name="w24cli.py">
					<methods/>
					<lines>
						<line hits="0" number="3"/>
						<line hits="0" number="4"/>
						<line hits="0" number="5"/>
						<line hits="0" number="6"/>
						<line hits="0" number="8"/>
						<line hits="0" number="11"/>
						<line hits="0" number="12"/>
						<line hits="0" number="13"/>
						<line hits="0" number="16"/>
						<line hits="0" number="18"/>
						<line hits="0" number="22"/>
						<line hits="0" number="26"/>
						<line hits="0" number="31"/>
						<line hits="0" number="36"/>
						<line hits="0" number="41"/>
						<line hits="0" number="46"/>
						<line hits="0" number="51"/>
						<line hits="0" number="56"/>
						<line hits="0" number="61"/>
						<line hits="0" number="66"/>
						<line hits="0" number="67"/>
						<line hits="0" number="68"/>
						<line hits="0" number="71"/>
						<line hits="0" number="72"/>
					</lines>
				</class>
			</classes>
		</package>
		<package branch-rate="0" complexity="0" line-rate="0" name="werk24.gui">
			<classes>
				<class branch-rate="0" complexity="0" filename="werk24/gui/__init__.py" line-rate="1" name="__init__.py">
					<methods/>
					<lines/>
				</class>
				<class branch-rate="0" complexity="0" filename="werk24/gui/event_feed.py" line-rate="0" name="event_feed.py">
					<methods/>
					<lines>
						<line hits="0" number="1"/>
						<line hits="0" number="2"/>
						<line hits="0" number="4"/>
						<line hits="0" number="5"/>
						<line hits="0" number="6"/>
						<line hits="0" number="9"/>
						<line hits="0" number="12"/>
						<line hits="0" number="13"/>
						<line hits="0" number="14"/>
						<line hits="0" number="15"/>
						<line hits="0" number="16"/>
						<line hits="0" number="19"/>
						<line hits="0" number="25"/>
						<line hits="0" number="29"/>
						<line hits="0" number="30"/>
						<line hits="0" number="37"/>
						<line hits="0" number="38"/>
						<line hits="0" number="39"/>
						<line hits="0" number="40"/>
						<line hits="0" number="42"/>
						<line hits="0" number="43"/>
						<line hits="0" number="44"/>
						<line hits="0" number="49"/>
						<line hits="0" number="51"/>
						<line hits="0" number="52"/>
						<line hits="0" number="53"/>
						<line hits="0" number="55"/>
						<line hits="0" number="66"/>
						<line hits="0" number="68"/>
						<line hits="0" number="77"/>
						<line hits="0" number="80"/>
						<line hits="0" number="82"/>
						<line hits="0" number="91"/>
						<line hits="0" number="92"/>
						<line hits="0" number="93"/>
						<line hits="0" number="95"/>
						<line hits="0" number="106"/>
						<line hits="0" number="108"/>
						<line hits="0" number="119"/>
						<line hits="0" number="120"/>
						<line hits="0" number="123"/>
						<line hits="0" number="124"/>
						<line hits="0" number="127"/>
						<line hits="0" number="131"/>
						<line hits="0" number="132"/>
						<line hits="0" number="135"/>
						<line hits="0" number="137"/>
						<line hits="0" number="142"/>
					</lines>
				</class>
				<class branch-rate="0" complexity="0" filename="werk24/gui/event_illustrator.py" line-rate="0" name="event_illustrator.py">
					<methods/>
					<lines>
						<line hits="0" number="1"/>
						<line hits="0" number="2"/>
						<line hits="0" number="3"/>
						<line hits="0" number="5"/>
						<line hits="0" number="6"/>
						<line hits="0" number="7"/>
						<line hits="0" number="9"/>
						<line hits="0" number="10"/>
						<line hits="0" number="16"/>
						<line hits="0" number="19"/>
						<line hits="0" number="20"/>
						<line hits="0" number="21"/>
						<line hits="0" number="22"/>
						<line hits="0" number="25"/>
						<line hits="0" number="32"/>
						<line hits="0" number="33"/>
						<line hits="0" number="35"/>
						<line hits="0" number="40"/>
						<line hits="0" number="41"/>
						<line hits="0" number="42"/>
						<line hits="0" number="45"/>
						<line hits="0" number="46"/>
						<line hits="0" number="55"/>
						<line hits="0" number="56"/>
						<line hits="0" number="57"/>
						<line hits="0" number="58"/>
						<line hits="0" number="59"/>
						<line hits="0" number="60"/>
						<line hits="0" number="61"/>
						<line hits="0" number="62"/>
						<line hits="0" number="66"/>
						<line hits="0" number="67"/>
						<line hits="0" number="71"/>
						<line hits="0" number="74"/>
						<line hits="0" number="80"/>
						<line hits="0" number="83"/>
						<line hits="0" number="90"/>
						<line hits="0" number="91"/>
						<line hits="0" number="93"/>
						<line hits="0" number="97"/>
						<line hits="0" number="98"/>
						<line hits="0" number="109"/>
						<line hits="0" number="110"/>
						<line hits="0" number="112"/>
						<line hits="0" number="118"/>
					</lines>
				</class>
				<class branch-rate="0" complexity="0" filename="werk24/gui/gdt_table.py" line-rate="0" name="gdt_table.py">
					<methods/>
					<lines>
						<line hits="0" number="1"/>
						<line hits="0" number="2"/>
						<line hits="0" number="3"/>
						<line hits="0" number="4"/>
						<line hits="0" number="7"/>
						<line hits="0" number="9"/>
						<line hits="0" number="10"/>
						<line hits="0" number="16"/>
						<line hits="0" number="22"/>
						<line hits="0" number="23"/>
						<line hits="0" number="24"/>
						<line hits="0" number="25"/>
						<line hits="0" number="29"/>
						<line hits="0" number="30"/>
						<line hits="0" number="31"/>
						<line hits="0" number="32"/>
						<line hits="0" number="33"/>
						<line hits="0" number="34"/>
						<line hits="0" number="36"/>
						<line hits="0" number="37"/>
						<line hits="0" number="38"/>
						<line hits="0" number="40"/>
						<line hits="0" number="41"/>
						<line hits="0" number="42"/>
						<line hits="0" number="44"/>
						<line hits="0" number="45"/>
						<line hits="0" number="46"/>
					</lines>
				</class>
				<class branch-rate="0" complexity="0" filename="werk24/gui/json_editor.py" line-rate="1" name="json_editor.py">
					<methods/>
					<lines/>
				</class>
				<class branch-rate="0" complexity="0" filename="werk24/gui/measure_table.py" line-rate="0" name="measure_table.py">
					<methods/>
					<lines>
						<line hits="0" number="1"/>
						<line hits="0" number="2"/>
						<line hits="0" number="3"/>
						<line hits="0" number="4"/>
						<line hits="0" number="7"/>
						<line hits="0" number="9"/>
						<line hits="0" number="10"/>
						<line hits="0" number="16"/>
						<line hits="0" number="29"/>
						<line hits="0" number="30"/>
						<line hits="0" number="31"/>
						<line hits="0" number="32"/>
						<line hits="0" number="36"/>
						<line hits="0" number="37"/>
						<line hits="0" number="38"/>
						<line hits="0" number="39"/>
						<line hits="0" number="40"/>
						<line hits="0" number="41"/>
						<line hits="0" number="43"/>
						<line hits="0" number="44"/>
						<line hits="0" number="45"/>
						<line hits="0" number="47"/>
						<line hits="0" number="48"/>
						<line hits="0" number="49"/>
						<line hits="0" number="51"/>
						<line hits="0" number="52"/>
						<line hits="0" number="53"/>
						<line hits="0" number="55"/>
						<line hits="0" number="56"/>
						<line hits="0" number="57"/>
						<line hits="0" number="59"/>
						<line hits="0" number="60"/>
						<line hits="0" number="61"/>
						<line hits="0" number="63"/>
						<line hits="0" number="64"/>
						<line hits="0" number="65"/>
						<line hits="0" number="68"/>
						<line hits="0" number="69"/>
						<line hits="0" number="70"/>
						<line hits="0" number="73"/>
						<line hits="0" number="74"/>
						<line hits="0" number="75"/>
						<line hits="0" number="78"/>
						<line hits="0" number="79"/>
						<line hits="0" number="80"/>
						<line hits="0" number="82"/>
						<line hits="0" number="83"/>
						<line hits="0" number="84"/>
					</lines>
				</class>
				<class branch-rate="0" complexity="0" filename="werk24/gui/style.py" line-rate="0" name="style.py">
					<methods/>
					<lines>
						<line hits="0" number="2"/>
						<line hits="0" number="4"/>
						<line hits="0" number="5"/>
						<line hits="0" number="6"/>
						<line hits="0" number="7"/>
					</lines>
				</class>
				<class branch-rate="0" complexity="0" filename="werk24/gui/w24gui.py" line-rate="0" name="w24gui.py">
					<methods/>
					<lines>
						<line hits="0" number="1"/>
						<line hits="0" number="2"/>
						<line hits="0" number="3"/>
						<line hits="0" number="4"/>
						<line hits="0" number="6"/>
						<line hits="0" number="7"/>
						<line hits="0" number="8"/>
						<line hits="0" number="9"/>
						<line hits="0" number="10"/>
						<line hits="0" number="11"/>
						<line hits="0" number="12"/>
						<line hits="0" number="13"/>
						<line hits="0" number="14"/>
						<line hits="0" number="17"/>
						<line hits="0" number="18"/>
						<line hits="0" number="19"/>
						<line hits="0" number="20"/>
						<line hits="0" number="24"/>
						<line hits="0" number="26"/>
						<line hits="0" number="27"/>
						<line hits="0" number="28"/>
						<line hits="0" number="29"/>
						<line hits="0" number="45"/>
						<line hits="0" number="46"/>
						<line hits="0" number="49"/>
						<line hits="0" number="52"/>
						<line hits="0" number="54"/>
						<line hits="0" number="55"/>
						<line hits="0" number="56"/>
						<line hits="0" number="57"/>
						<line hits="0" number="59"/>
						<line hits="0" number="64"/>
						<line hits="0" number="65"/>
						<line hits="0" number="66"/>
						<line hits="0" number="67"/>
						<line hits="0" number="71"/>
						<line hits="0" number="72"/>
						<line hits="0" number="75"/>
						<line hits="0" number="80"/>
						<line hits="0" number="81"/>
						<line hits="0" number="86"/>
						<line hits="0" number="87"/>
						<line hits="0" number="88"/>
						<line hits="0" number="89"/>
						<line hits="0" number="93"/>
						<line hits="0" number="94"/>
						<line hits="0" number="95"/>
						<line hits="0" number="96"/>
						<line hits="0" number="97"/>
						<line hits="0" number="98"/>
						<line hits="0" number="101"/>
						<line hits="0" number="105"/>
						<line hits="0" number="106"/>
						<line hits="0" number="107"/>
						<line hits="0" number="110"/>
						<line hits="0" number="112"/>
						<line hits="0" number="119"/>
						<line hits="0" number="120"/>
						<line hits="0" number="123"/>
						<line hits="0" number="124"/>
						<line hits="0" number="127"/>
						<line hits="0" number="128"/>
						<line hits="0" number="129"/>
						<line hits="0" number="131"/>
						<line hits="0" number="137"/>
						<line hits="0" number="138"/>
						<line hits="0" number="141"/>
						<line hits="0" number="142"/>
						<line hits="0" number="145"/>
						<line hits="0" number="148"/>
						<line hits="0" number="149"/>
						<line hits="0" number="152"/>
						<line hits="0" number="153"/>
						<line hits="0" number="155"/>
						<line hits="0" number="158"/>
						<line hits="0" number="159"/>
						<line hits="0" number="163"/>
						<line hits="0" number="164"/>
						<line hits="0" number="168"/>
						<line hits="0" number="170"/>
						<line hits="0" number="174"/>
						<line hits="0" number="176"/>
						<line hits="0" number="180"/>
						<line hits="0" number="182"/>
						<line hits="0" number="186"/>
						<line hits="0" number="191"/>
						<line hits="0" number="192"/>
						<line hits="0" number="193"/>
						<line hits="0" number="194"/>
						<line hits="0" number="195"/>
						<line hits="0" number="196"/>
						<line hits="0" number="197"/>
						<line hits="0" number="198"/>
						<line hits="0" number="199"/>
						<line hits="0" number="200"/>
						<line hits="0" number="201"/>
						<line hits="0" number="202"/>
						<line hits="0" number="204"/>
						<line hits="0" number="207"/>
						<line hits="0" number="208"/>
						<line hits="0" number="210"/>
						<line hits="0" number="218"/>
						<line hits="0" number="221"/>
						<line hits="0" number="222"/>
						<line hits="0" number="223"/>
						<line hits="0" number="225"/>
						<line hits="0" number="226"/>
						<line hits="0" number="227"/>
						<line hits="0" number="228"/>
						<line hits="0" number="230"/>
						<line hits="0" number="235"/>
						<line hits="0" number="236"/>
						<line hits="0" number="237"/>
						<line hits="0" number="238"/>
						<line hits="0" number="239"/>
						<line hits="0" number="241"/>
						<line hits="0" number="242"/>
						<line hits="0" number="245"/>
						<line hits="0" number="246"/>
						<line hits="0" number="247"/>
						<line hits="0" number="248"/>
						<line hits="0" number="249"/>
						<line hits="0" number="251"/>
						<line hits="0" number="254"/>
						<line hits="0" number="255"/>
						<line hits="0" number="257"/>
						<line hits="0" number="258"/>
						<line hits="0" number="259"/>
						<line hits="0" number="260"/>
						<line hits="0" number="261"/>
						<line hits="0" number="263"/>
						<line hits="0" number="264"/>
						<line hits="0" number="266"/>
						<line hits="0" number="267"/>
						<line hits="0" number="269"/>
						<line hits="0" number="270"/>
						<line hits="0" number="272"/>
						<line hits="0" number="273"/>
						<line hits="0" number="275"/>
						<line hits="0" number="276"/>
						<line hits="0" number="278"/>
						<line hits="0" number="279"/>
						<line hits="0" number="281"/>
						<line hits="0" number="288"/>
						<line hits="0" number="294"/>
						<line hits="0" number="302"/>
						<line hits="0" number="303"/>
						<line hits="0" number="307"/>
						<line hits="0" number="310"/>
						<line hits="0" number="315"/>
						<line hits="0" number="316"/>
						<line hits="0" number="317"/>
						<line hits="0" number="321"/>
						<line hits="0" number="322"/>
						<line hits="0" number="326"/>
						<line hits="0" number="328"/>
						<line hits="0" number="343"/>
						<line hits="0" number="344"/>
						<line hits="0" number="345"/>
						<line hits="0" number="346"/>
						<line hits="0" number="347"/>
						<line hits="0" number="348"/>
						<line hits="0" number="350"/>
						<line hits="0" number="366"/>
						<line hits="0" number="369"/>
						<line hits="0" number="370"/>
						<line hits="0" number="371"/>
						<line hits="0" number="373"/>
						<line hits="0" number="374"/>
						<line hits="0" number="376"/>
						<line hits="0" number="377"/>
						<line hits="0" number="383"/>
						<line hits="0" number="385"/>
						<line hits="0" number="386"/>
						<line hits="0" number="393"/>
						<line hits="0" number="394"/>
						<line hits="0" number="395"/>
						<line hits="0" number="396"/>
						<line hits="0" number="397"/>
						<line hits="0" number="399"/>
						<line hits="0" number="404"/>
						<line hits="0" number="406"/>
						<line hits="0" number="407"/>
						<line hits="0" number="419"/>
						<line hits="0" number="420"/>
						<line hits="0" number="422"/>
						<line hits="0" number="433"/>
						<line hits="0" number="435"/>
						<line hits="0" number="470"/>
						<line hits="0" number="471"/>
						<line hits="0" number="472"/>
						<line hits="0" number="473"/>
						<line hits="0" number="477"/>
						<line hits="0" number="483"/>
						<line hits="0" number="490"/>
						<line hits="0" number="496"/>
						<line hits="0" number="498"/>
						<line hits="0" number="508"/>
						<line hits="0" number="509"/>
						<line hits="0" number="510"/>
						<line hits="0" number="511"/>
						<line hits="0" number="512"/>
						<line hits="0" number="514"/>
						<line hits="0" number="524"/>
						<line hits="0" number="525"/>
						<line hits="0" number="526"/>
						<line hits="0" number="527"/>
						<line hits="0" number="528"/>
						<line hits="0" number="530"/>
						<line hits="0" number="540"/>
						<line hits="0" number="541"/>
						<line hits="0" number="542"/>
						<line hits="0" number="543"/>
						<line hits="0" number="544"/>
						<line hits="0" number="546"/>
						<line hits="0" number="556"/>
						<line hits="0" number="557"/>
						<line hits="0" number="562"/>
						<line hits="0" number="563"/>
						<line hits="0" number="566"/>
						<line hits="0" number="567"/>
						<line hits="0" number="568"/>
						<line hits="0" number="571"/>
						<line hits="0" number="572"/>
						<line hits="0" number="573"/>
						<line hits="0" number="575"/>
						<line hits="0" number="585"/>
						<line hits="0" number="586"/>
						<line hits="0" number="589"/>
						<line hits="0" number="590"/>
						<line hits="0" number="592"/>
						<line hits="0" number="593"/>
						<line hits="0" number="594"/>
						<line hits="0" number="598"/>
						<line hits="0" number="599"/>
						<line hits="0" number="600"/>
						<line hits="0" number="603"/>
						<line hits="0" number="607"/>
						<line hits="0" number="608"/>
						<line hits="0" number="609"/>
						<line hits="0" number="611"/>
						<line hits="0" number="614"/>
						<line hits="0" number="615"/>
						<line hits="0" number="616"/>
						<line hits="0" number="618"/>
						<line hits="0" number="628"/>
						<line hits="0" number="629"/>
						<line hits="0" number="632"/>
						<line hits="0" number="633"/>
						<line hits="0" number="635"/>
						<line hits="0" number="636"/>
						<line hits="0" number="637"/>
						<line hits="0" number="641"/>
						<line hits="0" number="642"/>
						<line hits="0" number="643"/>
						<line hits="0" number="646"/>
						<line hits="0" number="647"/>
						<line hits="0" number="648"/>
						<line hits="0" number="649"/>
						<line hits="0" number="652"/>
						<line hits="0" number="655"/>
						<line hits="0" number="656"/>
						<line hits="0" number="657"/>
						<line hits="0" number="659"/>
						<line hits="0" number="669"/>
						<line hits="0" number="670"/>
						<line hits="0" number="671"/>
						<line hits="0" number="673"/>
						<line hits="0" number="683"/>
						<line hits="0" number="684"/>
						<line hits="0" number="685"/>
						<line hits="0" number="688"/>
						<line hits="0" number="689"/>
						<line hits="0" number="697"/>
						<line hits="0" number="700"/>
						<line hits="0" number="703"/>
						<line hits="0" number="704"/>
					</lines>
				</class>
				<class branch-rate="0" complexity="0" filename="werk24/gui/worker.py" line-rate="0" name="worker.py">
					<methods/>
					<lines>
						<line hits="0" number="2"/>
						<line hits="0" number="4"/>
						<line hits="0" number="7"/>
						<line hits="0" number="13"/>
						<line hits="0" number="25"/>
						<line hits="0" number="26"/>
						<line hits="0" number="27"/>
						<line hits="0" number="28"/>
						<line hits="0" number="30"/>
						<line hits="0" number="31"/>
						<line hits="0" number="35"/>
						<line hits="0" number="36"/>
						<line hits="0" number="39"/>
						<line hits="0" number="42"/>
						<line hits="0" number="43"/>
					</lines>
				</class>
			</classes>
		</package>
		<package branch-rate="0" complexity="0" line-rate="1" name="werk24.models">
			<classes>
				<class branch-rate="0" complexity="0" filename="werk24/models/__init__.py" line-rate="1" name="__init__.py">
					<methods/>
					<lines/>
				</class>
				<class branch-rate="0" complexity="0" filename="werk24/models/ask.py" line-rate="1" name="ask.py">
					<methods/>
					<lines>
						<line hits="1" number="3"/>
						<line hits="1" number="4"/>
						<line hits="1" number="6"/>
						<line hits="1" number="8"/>
						<line hits="1" number="9"/>
						<line hits="1" number="10"/>
						<line hits="1" number="13"/>
						<line hits="1" number="18"/>
						<line hits="1" number="22"/>
						<line hits="1" number="26"/>
						<line hits="1" number="31"/>
						<line hits="1" number="36"/>
						<line hits="1" number="41"/>
						<line hits="1" number="46"/>
						<line hits="1" number="51"/>
						<line hits="1" number="55"/>
						<line hits="1" number="56"/>
						<line hits="1" number="61"/>
						<line hits="1" number="64"/>
						<line hits="1" number="67"/>
						<line hits="1" number="75"/>
						<line hits="1" number="78"/>
						<line hits="1" number="85"/>
						<line hits="1" number="88"/>
						<line hits="1" number="95"/>
						<line hits="1" number="98"/>
						<line hits="1" number="103"/>
						<line hits="1" number="106"/>
						<line hits="1" number="110"/>
						<line hits="1" number="113"/>
						<line hits="1" number="120"/>
						<line hits="1" number="123"/>
						<line hits="1" number="128"/>
						<line hits="1" number="130"/>
						<line hits="1" number="131"/>
						<line hits="1" number="141"/>
						<line hits="1" number="148"/>
						<line hits="1" number="149"/>
						<line hits="1" number="150"/>
						<line hits="1" number="153"/>
						<line hits="1" number="158"/>
						<line hits="1" number="161"/>
						<line hits="1" number="166"/>
						<line hits="1" number="167"/>
						<line hits="1" number="168"/>
						<line hits="1" number="171"/>
						<line hits="1" number="179"/>
						<line hits="1" number="181"/>
						<line hits="1" number="182"/>
						<line hits="1" number="190"/>
						<line hits="1" number="195"/>
						<line hits="1" number="198"/>
						<line hits="1" number="205"/>
						<line hits="1" number="206"/>
						<line hits="1" number="207"/>
						<line hits="1" number="210"/>
						<line hits="1" number="215"/>
						<line hits="1" number="218"/>
						<line hits="1" number="229"/>
					</lines>
				</class>
				<class branch-rate="0" complexity="0" filename="werk24/models/chamfer.py" line-rate="1" name="chamfer.py">
					<methods/>
					<lines>
						<line hits="1" number="6"/>
						<line hits="1" number="9"/>
						<line hits="1" number="16"/>
						<line hits="1" number="20"/>
						<line hits="1" number="21"/>
					</lines>
				</class>
				<class branch-rate="0" complexity="0" filename="werk24/models/gdt.py" line-rate="1" name="gdt.py">
					<methods/>
					<lines>
						<line hits="1" number="1"/>
						<line hits="1" number="2"/>
						<line hits="1" number="3"/>
						<line hits="1" number="5"/>
						<line hits="1" number="8"/>
						<line hits="1" number="15"/>
						<line hits="1" number="16"/>
						<line hits="1" number="17"/>
						<line hits="1" number="18"/>
						<line hits="1" number="19"/>
						<line hits="1" number="20"/>
						<line hits="1" number="21"/>
						<line hits="1" number="22"/>
						<line hits="1" number="23"/>
						<line hits="1" number="24"/>
						<line hits="1" number="25"/>
						<line hits="1" number="26"/>
						<line hits="1" number="27"/>
						<line hits="1" number="28"/>
						<line hits="1" number="29"/>
						<line hits="1" number="32"/>
						<line hits="1" number="35"/>
						<line hits="1" number="36"/>
						<line hits="1" number="37"/>
						<line hits="1" number="38"/>
						<line hits="1" number="39"/>
						<line hits="1" number="42"/>
						<line hits="1" number="45"/>
						<line hits="1" number="46"/>
						<line hits="1" number="49"/>
						<line hits="1" number="52"/>
						<line hits="1" number="53"/>
						<line hits="1" number="56"/>
						<line hits="1" number="59"/>
						<line hits="1" number="60"/>
						<line hits="1" number="63"/>
						<line hits="1" number="66"/>
						<line hits="1" number="67"/>
						<line hits="1" number="70"/>
						<line hits="1" number="78"/>
						<line hits="1" number="79"/>
						<line hits="1" number="84"/>
						<line hits="1" number="89"/>
						<line hits="1" number="100"/>
						<line hits="1" number="105"/>
						<line hits="1" number="111"/>
						<line hits="1" number="116"/>
						<line hits="1" number="119"/>
						<line hits="1" number="122"/>
						<line hits="1" number="125"/>
						<line hits="1" number="128"/>
						<line hits="1" number="131"/>
						<line hits="1" number="132"/>
						<line hits="1" number="135"/>
						<line hits="1" number="140"/>
						<line hits="1" number="143"/>
						<line hits="1" number="147"/>
						<line hits="1" number="151"/>
						<line hits="1" number="152"/>
						<line hits="1" number="170"/>
						<line hits="1" number="174"/>
						<line hits="1" number="178"/>
						<line hits="1" number="183"/>
						<line hits="1" number="188"/>
						<line hits="1" number="192"/>
						<line hits="1" number="197"/>
						<line hits="1" number="202"/>
						<line hits="1" number="206"/>
						<line hits="1" number="207"/>
						<line hits="1" number="211"/>
						<line hits="1" number="215"/>
						<line hits="1" number="219"/>
						<line hits="1" number="223"/>
						<line hits="1" number="227"/>
						<line hits="1" number="228"/>
						<line hits="1" number="232"/>
						<line hits="1" number="236"/>
						<line hits="1" number="240"/>
						<line hits="1" number="244"/>
						<line hits="1" number="245"/>
						<line hits="1" number="249"/>
						<line hits="1" number="252"/>
						<line hits="1" number="255"/>
						<line hits="1" number="259"/>
						<line hits="1" number="263"/>
						<line hits="1" number="267"/>
						<line hits="1" number="271"/>
						<line hits="1" number="276"/>
						<line hits="1" number="281"/>
						<line hits="1" number="285"/>
						<line hits="1" number="289"/>
						<line hits="1" number="293"/>
						<line hits="1" number="297"/>
						<line hits="1" number="301"/>
						<line hits="1" number="305"/>
						<line hits="1" number="309"/>
						<line hits="1" number="313"/>
						<line hits="1" number="317"/>
						<line hits="1" number="321"/>
						<line hits="1" number="322"/>
						<line hits="1" number="326"/>
						<line hits="1" number="331"/>
						<line hits="1" number="343"/>
						<line hits="1" number="375"/>
					</lines>
				</class>
				<class branch-rate="0" complexity="0" filename="werk24/models/leader.py" line-rate="1" name="leader.py">
					<methods/>
					<lines>
						<line hits="1" number="2"/>
						<line hits="1" number="7"/>
						<line hits="1" number="9"/>
						<line hits="1" number="12"/>
						<line hits="1" number="13"/>
						<line hits="1" number="14"/>
						<line hits="1" number="18"/>
						<line hits="1" number="22"/>
						<line hits="1" number="26"/>
						<line hits="1" number="35"/>
						<line hits="1" number="41"/>
						<line hits="1" number="45"/>
						<line hits="1" number="46"/>
					</lines>
				</class>
				<class branch-rate="0" complexity="0" filename="werk24/models/measure.py" line-rate="1" name="measure.py">
					<methods/>
					<lines>
						<line hits="1" number="2"/>
						<line hits="1" number="7"/>
						<line hits="1" number="9"/>
						<line hits="1" number="11"/>
						<line hits="1" number="12"/>
						<line hits="1" number="13"/>
						<line hits="1" number="14"/>
						<line hits="1" number="15"/>
						<line hits="1" number="16"/>
						<line hits="1" number="19"/>
						<line hits="1" number="23"/>
						<line hits="1" number="27"/>
						<line hits="1" number="38"/>
						<line hits="1" number="48"/>
						<line hits="1" number="52"/>
						<line hits="1" number="66"/>
						<line hits="1" number="76"/>
						<line hits="1" number="77"/>
						<line hits="1" number="81"/>
						<line hits="1" number="85"/>
						<line hits="1" number="89"/>
						<line hits="1" number="99"/>
						<line hits="1" number="103"/>
						<line hits="1" number="108"/>
						<line hits="1" number="109"/>
					</lines>
				</class>
				<class branch-rate="0" complexity="0" filename="werk24/models/measure_warning.py" line-rate="1" name="measure_warning.py">
					<methods/>
					<lines>
						<line hits="1" number="2"/>
						<line hits="1" number="7"/>
						<line hits="1" number="8"/>
						<line hits="1" number="11"/>
						<line hits="1" number="16"/>
						<line hits="1" number="23"/>
						<line hits="1" number="24"/>
						<line hits="1" number="30"/>
						<line hits="1" number="34"/>
						<line hits="1" number="37"/>
						<line hits="1" number="43"/>
						<line hits="1" number="46"/>
						<line hits="1" number="70"/>
					</lines>
				</class>
				<class branch-rate="0" complexity="0" filename="werk24/models/size.py" line-rate="1" name="size.py">
					<methods/>
					<lines>
						<line hits="1" number="1"/>
						<line hits="1" number="2"/>
						<line hits="1" number="3"/>
						<line hits="1" number="6"/>
						<line hits="1" number="7"/>
						<line hits="1" number="8"/>
						<line hits="1" number="9"/>
						<line hits="1" number="12"/>
						<line hits="1" number="16"/>
						<line hits="1" number="20"/>
						<line hits="1" number="24"/>
						<line hits="1" number="25"/>
						<line hits="1" number="29"/>
						<line hits="1" number="32"/>
						<line hits="1" number="35"/>
						<line hits="1" number="38"/>
						<line hits="1" number="41"/>
						<line hits="1" number="44"/>
						<line hits="1" number="46"/>
						<line hits="1" number="47"/>
					</lines>
				</class>
				<class branch-rate="0" complexity="0" filename="werk24/models/size_tolerance.py" line-rate="1" name="size_tolerance.py">
					<methods/>
					<lines>
						<line hits="1" number="1"/>
						<line hits="1" number="2"/>
						<line hits="1" number="4"/>
						<line hits="1" number="7"/>
						<line hits="1" number="10"/>
						<line hits="1" number="11"/>
						<line hits="1" number="12"/>
						<line hits="1" number="13"/>
						<line hits="1" number="14"/>
						<line hits="1" number="15"/>
						<line hits="1" number="16"/>
						<line hits="1" number="19"/>
						<line hits="1" number="23"/>
						<line hits="1" number="27"/>
						<line hits="1" number="28"/>
						<line hits="1" number="32"/>
						<line hits="1" number="35"/>
						<line hits="1" number="37"/>
						<line hits="1" number="38"/>
						<line hits="1" number="42"/>
						<line hits="1" number="45"/>
						<line hits="1" number="47"/>
						<line hits="1" number="51"/>
						<line hits="1" number="52"/>
						<line hits="1" number="56"/>
						<line hits="1" number="59"/>
						<line hits="1" number="61"/>
						<line hits="1" number="62"/>
						<line hits="1" number="66"/>
						<line hits="1" number="85"/>
						<line hits="1" number="88"/>
						<line hits="1" number="95"/>
						<line hits="1" number="98"/>
						<line hits="1" number="105"/>
						<line hits="1" number="108"/>
						<line hits="1" number="115"/>
					</lines>
				</class>
				<class branch-rate="0" complexity="0" filename="werk24/models/techread.py" line-rate="1" name="techread.py">
					<methods/>
					<lines>
						<line hits="1" number="4"/>
						<line hits="1" number="5"/>
						<line hits="1" number="7"/>
						<line hits="1" number="8"/>
						<line hits="1" number="10"/>
						<line hits="1" number="13"/>
						<line hits="1" number="16"/>
						<line hits="1" number="17"/>
						<line hits="1" number="20"/>
						<line hits="1" number="23"/>
						<line hits="1" number="24"/>
						<line hits="1" number="27"/>
						<line hits="1" number="32"/>
						<line hits="1" number="33"/>
						<line hits="1" number="34"/>
						<line hits="1" number="35"/>
						<line hits="1" number="38"/>
						<line hits="1" number="41"/>
						<line hits="1" number="44"/>
						<line hits="1" number="47"/>
						<line hits="1" number="48"/>
						<line hits="1" number="51"/>
						<line hits="1" number="54"/>
						<line hits="1" number="55"/>
						<line hits="1" number="56"/>
						<line hits="1" number="59"/>
						<line hits="1" number="64"/>
						<line hits="1" number="73"/>
						<line hits="1" number="77"/>
						<line hits="1" number="82"/>
						<line hits="1" number="86"/>
						<line hits="1" number="90"/>
						<line hits="1" number="97"/>
						<line hits="1" number="103"/>
						<line hits="1" number="104"/>
						<line hits="1" number="110"/>
						<line hits="1" number="116"/>
						<line hits="1" number="119"/>
						<line hits="1" number="125"/>
						<line hits="1" number="126"/>
						<line hits="1" number="131"/>
						<line hits="1" number="135"/>
						<line hits="1" number="138"/>
						<line hits="1" number="139"/>
						<line hits="1" number="142"/>
						<line hits="1" number="146"/>
						<line hits="1" number="149"/>
						<line hits="1" number="150"/>
					</lines>
				</class>
				<class branch-rate="0" complexity="0" filename="werk24/models/thread.py" line-rate="1" name="thread.py">
					<methods/>
					<lines>
						<line hits="1" number="5"/>
						<line hits="1" number="6"/>
						<line hits="1" number="7"/>
						<line hits="1" number="8"/>
						<line hits="1" number="11"/>
						<line hits="1" number="14"/>
						<line hits="1" number="15"/>
						<line hits="1" number="16"/>
						<line hits="1" number="17"/>
						<line hits="1" number="18"/>
						<line hits="1" number="19"/>
						<line hits="1" number="22"/>
						<line hits="1" number="26"/>
						<line hits="1" number="30"/>
						<line hits="1" number="31"/>
						<line hits="1" number="35"/>
						<line hits="1" number="39"/>
						<line hits="1" number="40"/>
						<line hits="1" number="43"/>
						<line hits="1" number="52"/>
						<line hits="1" number="54"/>
						<line hits="1" number="62"/>
						<line hits="1" number="78"/>
						<line hits="1" number="79"/>
						<line hits="1" number="85"/>
						<line hits="1" number="92"/>
						<line hits="1" number="100"/>
						<line hits="1" number="104"/>
						<line hits="1" number="110"/>
						<line hits="1" number="111"/>
						<line hits="1" number="118"/>
						<line hits="1" number="121"/>
						<line hits="1" number="124"/>
						<line hits="1" number="127"/>
						<line hits="1" number="130"/>
						<line hits="1" number="133"/>
						<line hits="1" number="136"/>
						<line hits="1" number="139"/>
						<line hits="1" number="142"/>
						<line hits="1" number="145"/>
						<line hits="1" number="147"/>
						<line hits="1" number="151"/>
						<line hits="1" number="152"/>
					</lines>
				</class>
				<class branch-rate="0" complexity="0" filename="werk24/models/unit.py" line-rate="1" name="unit.py">
					<methods/>
					<lines>
						<line hits="1" number="5"/>
						<line hits="1" number="8"/>
						<line hits="1" number="11"/>
						<line hits="1" number="12"/>
					</lines>
				</class>
			</classes>
		</package>
	</packages>
</coverage>
