<?xml version="1.0" ?>
<coverage version="5.3" timestamp="1646853826341" lines-valid="1438" lines-covered="1352" line-rate="0.9402" branches-covered="0" branches-valid="0" branch-rate="0" complexity="0">
	<!-- Generated by coverage.py: https://coverage.readthedocs.io -->
	<!-- Based on https://raw.githubusercontent.com/cobertura/web/master/htdocs/xml/coverage-04.dtd -->
	<sources>
		<source>/home/jay/Documents/werk24/werk24-python</source>
	</sources>
	<packages>
		<package name="test" line-rate="0.984" branch-rate="0" complexity="0">
			<classes>
				<class name="__init__.py" filename="test/__init__.py" complexity="0" line-rate="1" branch-rate="0">
					<methods/>
					<lines/>
				</class>
				<class name="base.py" filename="test/base.py" complexity="0" line-rate="1" branch-rate="0">
					<methods/>
					<lines>
						<line number="1" hits="1"/>
						<line number="5" hits="1"/>
						<line number="6" hits="1"/>
						<line number="9" hits="1"/>
						<line number="11" hits="1"/>
						<line number="22" hits="1"/>
						<line number="23" hits="1"/>
						<line number="28" hits="1"/>
						<line number="40" hits="1"/>
						<line number="41" hits="1"/>
						<line number="46" hits="1"/>
						<line number="56" hits="1"/>
						<line number="58" hits="1"/>
						<line number="71" hits="1"/>
						<line number="72" hits="1"/>
					</lines>
				</class>
				<class name="cli_auth_test.py" filename="test/cli_auth_test.py" complexity="0" line-rate="1" branch-rate="0">
					<methods/>
					<lines>
						<line number="1" hits="1"/>
						<line number="2" hits="1"/>
						<line number="3" hits="1"/>
						<line number="4" hits="1"/>
						<line number="7" hits="1"/>
						<line number="9" hits="1"/>
						<line number="10" hits="1"/>
						<line number="14" hits="1"/>
						<line number="18" hits="1"/>
						<line number="24" hits="1"/>
						<line number="27" hits="1"/>
						<line number="30" hits="1"/>
						<line number="33" hits="1"/>
						<line number="37" hits="1"/>
					</lines>
				</class>
				<class name="techread_auth_client_test.py" filename="test/techread_auth_client_test.py" complexity="0" line-rate="1" branch-rate="0">
					<methods/>
					<lines>
						<line number="1" hits="1"/>
						<line number="3" hits="1"/>
						<line number="4" hits="1"/>
						<line number="5" hits="1"/>
						<line number="6" hits="1"/>
						<line number="7" hits="1"/>
						<line number="8" hits="1"/>
						<line number="9" hits="1"/>
						<line number="10" hits="1"/>
						<line number="12" hits="1"/>
						<line number="14" hits="1"/>
						<line number="18" hits="1"/>
						<line number="21" hits="1"/>
						<line number="29" hits="1"/>
						<line number="30" hits="1"/>
						<line number="33" hits="1"/>
						<line number="40" hits="1"/>
						<line number="41" hits="1"/>
						<line number="44" hits="1"/>
						<line number="53" hits="1"/>
						<line number="54" hits="1"/>
						<line number="55" hits="1"/>
						<line number="56" hits="1"/>
						<line number="59" hits="1"/>
						<line number="60" hits="1"/>
						<line number="63" hits="1"/>
						<line number="65" hits="1"/>
						<line number="75" hits="1"/>
						<line number="76" hits="1"/>
						<line number="78" hits="1"/>
						<line number="82" hits="1"/>
						<line number="83" hits="1"/>
						<line number="89" hits="1"/>
						<line number="91" hits="1"/>
						<line number="95" hits="1"/>
						<line number="96" hits="1"/>
						<line number="103" hits="1"/>
					</lines>
				</class>
				<class name="techread_client_test.py" filename="test/techread_client_test.py" complexity="0" line-rate="0.9825" branch-rate="0">
					<methods/>
					<lines>
						<line number="1" hits="1"/>
						<line number="2" hits="1"/>
						<line number="3" hits="1"/>
						<line number="5" hits="1"/>
						<line number="6" hits="1"/>
						<line number="7" hits="1"/>
						<line number="8" hits="1"/>
						<line number="10" hits="1"/>
						<line number="12" hits="1"/>
						<line number="15" hits="1"/>
						<line number="19" hits="1"/>
						<line number="29" hits="1"/>
						<line number="30" hits="1"/>
						<line number="32" hits="1"/>
						<line number="39" hits="1"/>
						<line number="40" hits="1"/>
						<line number="45" hits="1"/>
						<line number="46" hits="1"/>
						<line number="47" hits="0"/>
						<line number="49" hits="1"/>
						<line number="55" hits="1"/>
						<line number="56" hits="1"/>
						<line number="57" hits="1"/>
						<line number="59" hits="1"/>
						<line number="65" hits="1"/>
						<line number="66" hits="1"/>
						<line number="67" hits="1"/>
						<line number="69" hits="1"/>
						<line number="70" hits="1"/>
						<line number="71" hits="1"/>
						<line number="72" hits="1"/>
						<line number="74" hits="1"/>
						<line number="80" hits="1"/>
						<line number="82" hits="1"/>
						<line number="83" hits="1"/>
						<line number="84" hits="1"/>
						<line number="86" hits="1"/>
						<line number="92" hits="1"/>
						<line number="94" hits="1"/>
						<line number="95" hits="1"/>
						<line number="96" hits="1"/>
						<line number="98" hits="1"/>
						<line number="101" hits="1"/>
						<line number="102" hits="1"/>
						<line number="105" hits="1"/>
						<line number="106" hits="1"/>
						<line number="109" hits="1"/>
						<line number="110" hits="1"/>
						<line number="111" hits="1"/>
						<line number="114" hits="1"/>
						<line number="116" hits="1"/>
						<line number="120" hits="1"/>
						<line number="121" hits="1"/>
						<line number="123" hits="1"/>
						<line number="124" hits="1"/>
						<line number="125" hits="1"/>
						<line number="126" hits="1"/>
					</lines>
				</class>
				<class name="techread_page_test.py" filename="test/techread_page_test.py" complexity="0" line-rate="1" branch-rate="0">
					<methods/>
					<lines>
						<line number="1" hits="1"/>
						<line number="3" hits="1"/>
						<line number="4" hits="1"/>
						<line number="7" hits="1"/>
						<line number="9" hits="1"/>
						<line number="10" hits="1"/>
						<line number="12" hits="1"/>
						<line number="15" hits="1"/>
						<line number="19" hits="1"/>
						<line number="20" hits="1"/>
						<line number="28" hits="1"/>
						<line number="29" hits="1"/>
						<line number="30" hits="1"/>
						<line number="33" hits="1"/>
						<line number="34" hits="1"/>
						<line number="38" hits="1"/>
						<line number="39" hits="1"/>
						<line number="42" hits="1"/>
						<line number="45" hits="1"/>
						<line number="48" hits="1"/>
						<line number="49" hits="1"/>
						<line number="51" hits="1"/>
						<line number="59" hits="1"/>
						<line number="60" hits="1"/>
						<line number="65" hits="1"/>
						<line number="66" hits="1"/>
						<line number="67" hits="1"/>
						<line number="71" hits="1"/>
					</lines>
				</class>
				<class name="techread_titleblock_test.py" filename="test/techread_titleblock_test.py" complexity="0" line-rate="1" branch-rate="0">
					<methods/>
					<lines>
						<line number="4" hits="1"/>
						<line number="5" hits="1"/>
						<line number="6" hits="1"/>
						<line number="7" hits="1"/>
						<line number="9" hits="1"/>
						<line number="10" hits="1"/>
						<line number="12" hits="1"/>
						<line number="16" hits="1"/>
						<line number="18" hits="1"/>
						<line number="25" hits="1"/>
						<line number="27" hits="1"/>
						<line number="28" hits="1"/>
						<line number="29" hits="1"/>
						<line number="32" hits="1"/>
						<line number="37" hits="1"/>
						<line number="38" hits="1"/>
						<line number="43" hits="1"/>
						<line number="44" hits="1"/>
						<line number="47" hits="1"/>
					</lines>
				</class>
				<class name="utils.py" filename="test/utils.py" complexity="0" line-rate="0.8824" branch-rate="0">
					<methods/>
					<lines>
						<line number="3" hits="1"/>
						<line number="4" hits="1"/>
						<line number="6" hits="1"/>
						<line number="7" hits="1"/>
						<line number="8" hits="0"/>
						<line number="9" hits="0"/>
						<line number="12" hits="1"/>
						<line number="13" hits="1"/>
						<line number="16" hits="1"/>
						<line number="19" hits="1"/>
						<line number="26" hits="1"/>
						<line number="27" hits="1"/>
						<line number="28" hits="1"/>
						<line number="31" hits="1"/>
						<line number="38" hits="1"/>
						<line number="39" hits="1"/>
						<line number="40" hits="1"/>
					</lines>
				</class>
			</classes>
		</package>
		<package name="werk24" line-rate="0.8627" branch-rate="0" complexity="0">
			<classes>
				<class name="__init__.py" filename="werk24/__init__.py" complexity="0" line-rate="1" branch-rate="0">
					<methods/>
					<lines>
						<line number="1" hits="1"/>
						<line number="2" hits="1"/>
						<line number="3" hits="1"/>
					</lines>
				</class>
				<class name="_version.py" filename="werk24/_version.py" complexity="0" line-rate="1" branch-rate="0">
					<methods/>
					<lines>
						<line number="1" hits="1"/>
					</lines>
				</class>
				<class name="auth_client.py" filename="werk24/auth_client.py" complexity="0" line-rate="0.875" branch-rate="0">
					<methods/>
					<lines>
						<line number="3" hits="1"/>
						<line number="4" hits="1"/>
						<line number="5" hits="1"/>
						<line number="6" hits="1"/>
						<line number="7" hits="1"/>
						<line number="9" hits="1"/>
						<line number="10" hits="1"/>
						<line number="12" hits="1"/>
						<line number="15" hits="1"/>
						<line number="27" hits="1"/>
						<line number="37" hits="1"/>
						<line number="38" hits="1"/>
						<line number="39" hits="1"/>
						<line number="40" hits="1"/>
						<line number="41" hits="1"/>
						<line number="44" hits="1"/>
						<line number="45" hits="1"/>
						<line number="48" hits="1"/>
						<line number="49" hits="1"/>
						<line number="50" hits="1"/>
						<line number="52" hits="1"/>
						<line number="60" hits="1"/>
						<line number="61" hits="1"/>
						<line number="63" hits="1"/>
						<line number="78" hits="1"/>
						<line number="79" hits="1"/>
						<line number="84" hits="1"/>
						<line number="86" hits="1"/>
						<line number="89" hits="1"/>
						<line number="91" hits="1"/>
						<line number="93" hits="1"/>
						<line number="94" hits="0"/>
						<line number="96" hits="1"/>
						<line number="97" hits="1"/>
						<line number="100" hits="1"/>
						<line number="101" hits="1"/>
						<line number="102" hits="1"/>
						<line number="103" hits="0"/>
						<line number="108" hits="1"/>
						<line number="110" hits="1"/>
						<line number="118" hits="1"/>
						<line number="121" hits="1"/>
						<line number="124" hits="1"/>
						<line number="129" hits="1"/>
						<line number="130" hits="1"/>
						<line number="132" hits="1"/>
						<line number="145" hits="1"/>
						<line number="148" hits="1"/>
						<line number="154" hits="1"/>
						<line number="156" hits="1"/>
						<line number="165" hits="1"/>
						<line number="166" hits="1"/>
						<line number="168" hits="1"/>
						<line number="177" hits="0"/>
						<line number="178" hits="0"/>
						<line number="180" hits="0"/>
						<line number="182" hits="1"/>
						<line number="192" hits="1"/>
						<line number="193" hits="1"/>
						<line number="196" hits="1"/>
						<line number="199" hits="1"/>
						<line number="206" hits="1"/>
						<line number="207" hits="1"/>
						<line number="216" hits="0"/>
						<line number="217" hits="0"/>
						<line number="220" hits="1"/>
						<line number="221" hits="1"/>
						<line number="222" hits="1"/>
						<line number="223" hits="1"/>
						<line number="224" hits="1"/>
						<line number="225" hits="0"/>
						<line number="226" hits="0"/>
					</lines>
				</class>
				<class name="exceptions.py" filename="werk24/exceptions.py" complexity="0" line-rate="1" branch-rate="0">
					<methods/>
					<lines>
						<line number="5" hits="1"/>
						<line number="12" hits="1"/>
						<line number="19" hits="1"/>
						<line number="24" hits="1"/>
						<line number="30" hits="1"/>
						<line number="36" hits="1"/>
						<line number="46" hits="1"/>
						<line number="51" hits="1"/>
						<line number="57" hits="1"/>
					</lines>
				</class>
				<class name="techread_client.py" filename="werk24/techread_client.py" complexity="0" line-rate="0.9231" branch-rate="0">
					<methods/>
					<lines>
						<line number="22" hits="1"/>
						<line number="23" hits="1"/>
						<line number="24" hits="1"/>
						<line number="25" hits="1"/>
						<line number="26" hits="1"/>
						<line number="27" hits="1"/>
						<line number="30" hits="1"/>
						<line number="31" hits="1"/>
						<line number="33" hits="1"/>
						<line number="34" hits="1"/>
						<line number="37" hits="1"/>
						<line number="38" hits="1"/>
						<line number="45" hits="1"/>
						<line number="46" hits="1"/>
						<line number="49" hits="1"/>
						<line number="52" hits="1"/>
						<line number="68" hits="1"/>
						<line number="79" hits="1"/>
						<line number="80" hits="1"/>
						<line number="81" hits="1"/>
						<line number="82" hits="1"/>
						<line number="85" hits="1"/>
						<line number="120" hits="1"/>
						<line number="128" hits="1"/>
						<line number="129" hits="1"/>
						<line number="130" hits="1"/>
						<line number="131" hits="1"/>
						<line number="134" hits="1"/>
						<line number="140" hits="1"/>
						<line number="170" hits="1"/>
						<line number="174" hits="1"/>
						<line number="177" hits="1"/>
						<line number="181" hits="1"/>
						<line number="184" hits="1"/>
						<line number="200" hits="1"/>
						<line number="203" hits="1"/>
						<line number="206" hits="1"/>
						<line number="208" hits="1"/>
						<line number="219" hits="1"/>
						<line number="223" hits="1"/>
						<line number="226" hits="1"/>
						<line number="251" hits="1"/>
						<line number="259" hits="1"/>
						<line number="262" hits="1"/>
						<line number="263" hits="1"/>
						<line number="266" hits="1"/>
						<line number="267" hits="1"/>
						<line number="268" hits="1"/>
						<line number="269" hits="0"/>
						<line number="273" hits="1"/>
						<line number="274" hits="1"/>
						<line number="280" hits="1"/>
						<line number="281" hits="0"/>
						<line number="283" hits="1"/>
						<line number="285" hits="1"/>
						<line number="334" hits="1"/>
						<line number="335" hits="1"/>
						<line number="338" hits="1"/>
						<line number="339" hits="1"/>
						<line number="342" hits="1"/>
						<line number="350" hits="1"/>
						<line number="355" hits="1"/>
						<line number="356" hits="1"/>
						<line number="366" hits="1"/>
						<line number="367" hits="1"/>
						<line number="368" hits="1"/>
						<line number="369" hits="0"/>
						<line number="382" hits="1"/>
						<line number="383" hits="1"/>
						<line number="385" hits="1"/>
						<line number="407" hits="1"/>
						<line number="412" hits="1"/>
						<line number="416" hits="1"/>
						<line number="417" hits="1"/>
						<line number="418" hits="1"/>
						<line number="420" hits="1"/>
						<line number="431" hits="1"/>
						<line number="434" hits="1"/>
						<line number="443" hits="1"/>
						<line number="446" hits="1"/>
						<line number="447" hits="1"/>
						<line number="452" hits="1"/>
						<line number="454" hits="1"/>
						<line number="455" hits="1"/>
						<line number="474" hits="1"/>
						<line number="475" hits="1"/>
						<line number="481" hits="0"/>
						<line number="482" hits="0"/>
						<line number="486" hits="1"/>
						<line number="491" hits="1"/>
						<line number="492" hits="1"/>
						<line number="498" hits="1"/>
						<line number="499" hits="1"/>
						<line number="517" hits="1"/>
						<line number="521" hits="1"/>
						<line number="522" hits="1"/>
						<line number="523" hits="1"/>
						<line number="531" hits="1"/>
						<line number="535" hits="1"/>
						<line number="539" hits="1"/>
						<line number="541" hits="1"/>
						<line number="542" hits="1"/>
						<line number="584" hits="1"/>
						<line number="588" hits="1"/>
						<line number="593" hits="1"/>
						<line number="596" hits="1"/>
						<line number="601" hits="1"/>
						<line number="606" hits="1"/>
						<line number="611" hits="1"/>
						<line number="618" hits="1"/>
						<line number="621" hits="1"/>
						<line number="626" hits="1"/>
						<line number="635" hits="1"/>
						<line number="636" hits="0"/>
						<line number="639" hits="1"/>
						<line number="641" hits="1"/>
						<line number="662" hits="1"/>
						<line number="668" hits="1"/>
						<line number="672" hits="1"/>
						<line number="673" hits="1"/>
						<line number="676" hits="0"/>
						<line number="677" hits="0"/>
						<line number="679" hits="1"/>
						<line number="700" hits="1"/>
						<line number="703" hits="1"/>
						<line number="704" hits="1"/>
						<line number="708" hits="1"/>
						<line number="709" hits="0"/>
						<line number="715" hits="0"/>
						<line number="720" hits="1"/>
						<line number="721" hits="0"/>
						<line number="723" hits="1"/>
						<line number="725" hits="1"/>
						<line number="726" hits="1"/>
						<line number="746" hits="1"/>
						<line number="747" hits="1"/>
						<line number="748" hits="1"/>
						<line number="755" hits="1"/>
						<line number="756" hits="1"/>
						<line number="762" hits="1"/>
						<line number="763" hits="1"/>
						<line number="769" hits="1"/>
						<line number="773" hits="1"/>
					</lines>
				</class>
				<class name="techread_client_https.py" filename="werk24/techread_client_https.py" complexity="0" line-rate="0.8358" branch-rate="0">
					<methods/>
					<lines>
						<line number="3" hits="1"/>
						<line number="4" hits="1"/>
						<line number="5" hits="1"/>
						<line number="6" hits="1"/>
						<line number="8" hits="1"/>
						<line number="9" hits="1"/>
						<line number="11" hits="1"/>
						<line number="15" hits="1"/>
						<line number="17" hits="1"/>
						<line number="20" hits="1"/>
						<line number="26" hits="1"/>
						<line number="33" hits="1"/>
						<line number="34" hits="1"/>
						<line number="35" hits="1"/>
						<line number="36" hits="1"/>
						<line number="38" hits="1"/>
						<line number="54" hits="1"/>
						<line number="55" hits="1"/>
						<line number="59" hits="1"/>
						<line number="60" hits="1"/>
						<line number="61" hits="1"/>
						<line number="63" hits="1"/>
						<line number="72" hits="1"/>
						<line number="73" hits="1"/>
						<line number="75" hits="1"/>
						<line number="82" hits="1"/>
						<line number="84" hits="1"/>
						<line number="133" hits="1"/>
						<line number="134" hits="1"/>
						<line number="138" hits="1"/>
						<line number="139" hits="1"/>
						<line number="140" hits="1"/>
						<line number="141" hits="1"/>
						<line number="145" hits="1"/>
						<line number="146" hits="1"/>
						<line number="150" hits="1"/>
						<line number="152" hits="1"/>
						<line number="168" hits="0"/>
						<line number="173" hits="1"/>
						<line number="219" hits="1"/>
						<line number="220" hits="1"/>
						<line number="223" hits="0"/>
						<line number="227" hits="0"/>
						<line number="230" hits="1"/>
						<line number="232" hits="1"/>
						<line number="274" hits="1"/>
						<line number="275" hits="0"/>
						<line number="279" hits="1"/>
						<line number="283" hits="1"/>
						<line number="284" hits="1"/>
						<line number="285" hits="0"/>
						<line number="286" hits="0"/>
						<line number="289" hits="1"/>
						<line number="291" hits="1"/>
						<line number="292" hits="1"/>
						<line number="334" hits="1"/>
						<line number="335" hits="1"/>
						<line number="341" hits="1"/>
						<line number="342" hits="0"/>
						<line number="351" hits="1"/>
						<line number="352" hits="0"/>
						<line number="356" hits="1"/>
						<line number="357" hits="0"/>
						<line number="361" hits="1"/>
						<line number="362" hits="0"/>
						<line number="367" hits="1"/>
						<line number="368" hits="0"/>
					</lines>
				</class>
				<class name="techread_client_wss.py" filename="werk24/techread_client_wss.py" complexity="0" line-rate="0.8148" branch-rate="0">
					<methods/>
					<lines>
						<line number="3" hits="1"/>
						<line number="4" hits="1"/>
						<line number="5" hits="1"/>
						<line number="7" hits="1"/>
						<line number="8" hits="1"/>
						<line number="9" hits="1"/>
						<line number="10" hits="1"/>
						<line number="11" hits="1"/>
						<line number="13" hits="1"/>
						<line number="16" hits="1"/>
						<line number="21" hits="1"/>
						<line number="22" hits="1"/>
						<line number="23" hits="1"/>
						<line number="24" hits="1"/>
						<line number="25" hits="1"/>
						<line number="27" hits="1"/>
						<line number="41" hits="1"/>
						<line number="42" hits="0"/>
						<line number="47" hits="1"/>
						<line number="52" hits="1"/>
						<line number="55" hits="1"/>
						<line number="60" hits="1"/>
						<line number="62" hits="1"/>
						<line number="71" hits="1"/>
						<line number="72" hits="1"/>
						<line number="74" hits="1"/>
						<line number="81" hits="1"/>
						<line number="83" hits="1"/>
						<line number="109" hits="1"/>
						<line number="110" hits="0"/>
						<line number="114" hits="1"/>
						<line number="117" hits="1"/>
						<line number="119" hits="1"/>
						<line number="132" hits="1"/>
						<line number="133" hits="0"/>
						<line number="137" hits="1"/>
						<line number="140" hits="1"/>
						<line number="143" hits="1"/>
						<line number="145" hits="1"/>
						<line number="146" hits="1"/>
						<line number="167" hits="1"/>
						<line number="168" hits="1"/>
						<line number="172" hits="0"/>
						<line number="177" hits="0"/>
						<line number="178" hits="0"/>
						<line number="182" hits="0"/>
						<line number="183" hits="0"/>
						<line number="186" hits="0"/>
						<line number="189" hits="1"/>
						<line number="191" hits="1"/>
						<line number="205" hits="1"/>
						<line number="206" hits="0"/>
						<line number="210" hits="1"/>
						<line number="213" hits="1"/>
					</lines>
				</class>
				<class name="utils.py" filename="werk24/utils.py" complexity="0" line-rate="0" branch-rate="0">
					<methods/>
					<lines>
						<line number="1" hits="0"/>
						<line number="2" hits="0"/>
						<line number="4" hits="0"/>
						<line number="7" hits="0"/>
						<line number="20" hits="0"/>
						<line number="21" hits="0"/>
						<line number="24" hits="0"/>
						<line number="37" hits="0"/>
					</lines>
				</class>
			</classes>
		</package>
		<package name="werk24.models" line-rate="0.962" branch-rate="0" complexity="0">
			<classes>
				<class name="__init__.py" filename="werk24/models/__init__.py" complexity="0" line-rate="1" branch-rate="0">
					<methods/>
					<lines/>
				</class>
				<class name="angle.py" filename="werk24/models/angle.py" complexity="0" line-rate="1" branch-rate="0">
					<methods/>
					<lines>
						<line number="1" hits="1"/>
						<line number="2" hits="1"/>
						<line number="3" hits="1"/>
						<line number="4" hits="1"/>
						<line number="5" hits="1"/>
						<line number="7" hits="1"/>
						<line number="9" hits="1"/>
						<line number="10" hits="1"/>
						<line number="13" hits="1"/>
						<line number="23" hits="1"/>
						<line number="26" hits="1"/>
						<line number="42" hits="1"/>
						<line number="44" hits="1"/>
						<line number="47" hits="1"/>
						<line number="59" hits="1"/>
						<line number="61" hits="1"/>
						<line number="63" hits="1"/>
						<line number="66" hits="1"/>
						<line number="78" hits="1"/>
						<line number="80" hits="1"/>
						<line number="82" hits="1"/>
						<line number="85" hits="1"/>
						<line number="112" hits="1"/>
						<line number="115" hits="1"/>
						<line number="118" hits="1"/>
						<line number="120" hits="1"/>
						<line number="122" hits="1"/>
						<line number="124" hits="1"/>
					</lines>
				</class>
				<class name="ask.py" filename="werk24/models/ask.py" complexity="0" line-rate="0.947" branch-rate="0">
					<methods/>
					<lines>
						<line number="3" hits="1"/>
						<line number="4" hits="1"/>
						<line number="6" hits="1"/>
						<line number="8" hits="1"/>
						<line number="9" hits="1"/>
						<line number="10" hits="1"/>
						<line number="11" hits="1"/>
						<line number="12" hits="1"/>
						<line number="13" hits="1"/>
						<line number="14" hits="1"/>
						<line number="15" hits="1"/>
						<line number="16" hits="1"/>
						<line number="17" hits="1"/>
						<line number="18" hits="1"/>
						<line number="20" hits="1"/>
						<line number="25" hits="1"/>
						<line number="30" hits="1"/>
						<line number="35" hits="1"/>
						<line number="39" hits="1"/>
						<line number="43" hits="1"/>
						<line number="48" hits="1"/>
						<line number="52" hits="1"/>
						<line number="57" hits="1"/>
						<line number="62" hits="1"/>
						<line number="66" hits="1"/>
						<line number="70" hits="1"/>
						<line number="75" hits="1"/>
						<line number="79" hits="1"/>
						<line number="84" hits="1"/>
						<line number="89" hits="1"/>
						<line number="94" hits="1"/>
						<line number="100" hits="1"/>
						<line number="101" hits="1"/>
						<line number="105" hits="1"/>
						<line number="125" hits="1"/>
						<line number="127" hits="1"/>
						<line number="130" hits="1"/>
						<line number="143" hits="1"/>
						<line number="146" hits="1"/>
						<line number="155" hits="1"/>
						<line number="158" hits="1"/>
						<line number="168" hits="1"/>
						<line number="171" hits="1"/>
						<line number="187" hits="1"/>
						<line number="189" hits="1"/>
						<line number="192" hits="1"/>
						<line number="201" hits="1"/>
						<line number="204" hits="1"/>
						<line number="209" hits="1"/>
						<line number="212" hits="1"/>
						<line number="229" hits="1"/>
						<line number="230" hits="1"/>
						<line number="231" hits="1"/>
						<line number="236" hits="1"/>
						<line number="242" hits="1"/>
						<line number="245" hits="1"/>
						<line number="262" hits="1"/>
						<line number="263" hits="1"/>
						<line number="264" hits="1"/>
						<line number="267" hits="1"/>
						<line number="271" hits="1"/>
						<line number="274" hits="1"/>
						<line number="291" hits="1"/>
						<line number="292" hits="1"/>
						<line number="293" hits="1"/>
						<line number="296" hits="1"/>
						<line number="310" hits="1"/>
						<line number="312" hits="1"/>
						<line number="315" hits="1"/>
						<line number="336" hits="1"/>
						<line number="337" hits="1"/>
						<line number="338" hits="1"/>
						<line number="341" hits="1"/>
						<line number="352" hits="1"/>
						<line number="355" hits="1"/>
						<line number="373" hits="1"/>
						<line number="374" hits="1"/>
						<line number="375" hits="1"/>
						<line number="378" hits="1"/>
						<line number="397" hits="1"/>
						<line number="399" hits="1"/>
						<line number="402" hits="1"/>
						<line number="406" hits="1"/>
						<line number="408" hits="1"/>
						<line number="412" hits="1"/>
						<line number="415" hits="1"/>
						<line number="425" hits="1"/>
						<line number="427" hits="1"/>
						<line number="432" hits="1"/>
						<line number="435" hits="1"/>
						<line number="452" hits="1"/>
						<line number="453" hits="1"/>
						<line number="454" hits="1"/>
						<line number="457" hits="1"/>
						<line number="465" hits="1"/>
						<line number="468" hits="1"/>
						<line number="481" hits="1"/>
						<line number="483" hits="1"/>
						<line number="486" hits="1"/>
						<line number="522" hits="1"/>
						<line number="524" hits="1"/>
						<line number="526" hits="1"/>
						<line number="529" hits="1"/>
						<line number="534" hits="1"/>
						<line number="537" hits="1"/>
						<line number="556" hits="1"/>
						<line number="557" hits="1"/>
						<line number="558" hits="1"/>
						<line number="559" hits="1"/>
						<line number="562" hits="1"/>
						<line number="565" hits="1"/>
						<line number="568" hits="1"/>
						<line number="600" hits="1"/>
						<line number="601" hits="1"/>
						<line number="602" hits="1"/>
						<line number="603" hits="1"/>
						<line number="604" hits="1"/>
						<line number="605" hits="1"/>
						<line number="606" hits="1"/>
						<line number="609" hits="1"/>
						<line number="630" hits="1"/>
						<line number="642" hits="1"/>
						<line number="643" hits="0"/>
						<line number="644" hits="0"/>
						<line number="646" hits="1"/>
						<line number="647" hits="1"/>
						<line number="649" hits="0"/>
						<line number="652" hits="1"/>
						<line number="666" hits="0"/>
						<line number="685" hits="0"/>
						<line number="686" hits="0"/>
						<line number="688" hits="0"/>
					</lines>
				</class>
				<class name="chamfer.py" filename="werk24/models/chamfer.py" complexity="0" line-rate="1" branch-rate="0">
					<methods/>
					<lines>
						<line number="1" hits="1"/>
						<line number="3" hits="1"/>
						<line number="5" hits="1"/>
						<line number="8" hits="1"/>
						<line number="25" hits="1"/>
						<line number="27" hits="1"/>
						<line number="29" hits="1"/>
					</lines>
				</class>
				<class name="date.py" filename="werk24/models/date.py" complexity="0" line-rate="0.875" branch-rate="0">
					<methods/>
					<lines>
						<line number="1" hits="1"/>
						<line number="3" hits="1"/>
						<line number="6" hits="1"/>
						<line number="17" hits="1"/>
						<line number="18" hits="1"/>
						<line number="19" hits="0"/>
						<line number="21" hits="1"/>
						<line number="23" hits="1"/>
					</lines>
				</class>
				<class name="depth.py" filename="werk24/models/depth.py" complexity="0" line-rate="1" branch-rate="0">
					<methods/>
					<lines>
						<line number="1" hits="1"/>
						<line number="2" hits="1"/>
						<line number="5" hits="1"/>
						<line number="15" hits="1"/>
						<line number="17" hits="1"/>
					</lines>
				</class>
				<class name="feature.py" filename="werk24/models/feature.py" complexity="0" line-rate="1" branch-rate="0">
					<methods/>
					<lines>
						<line number="1" hits="1"/>
						<line number="3" hits="1"/>
						<line number="6" hits="1"/>
						<line number="14" hits="1"/>
						<line number="15" hits="1"/>
						<line number="18" hits="1"/>
						<line number="34" hits="1"/>
						<line number="35" hits="1"/>
						<line number="36" hits="1"/>
						<line number="39" hits="1"/>
						<line number="49" hits="1"/>
					</lines>
				</class>
				<class name="file_format.py" filename="werk24/models/file_format.py" complexity="0" line-rate="1" branch-rate="0">
					<methods/>
					<lines>
						<line number="1" hits="1"/>
						<line number="4" hits="1"/>
						<line number="12" hits="1"/>
						<line number="15" hits="1"/>
						<line number="24" hits="1"/>
					</lines>
				</class>
				<class name="gdt.py" filename="werk24/models/gdt.py" complexity="0" line-rate="1" branch-rate="0">
					<methods/>
					<lines>
						<line number="1" hits="1"/>
						<line number="2" hits="1"/>
						<line number="3" hits="1"/>
						<line number="4" hits="1"/>
						<line number="5" hits="1"/>
						<line number="7" hits="1"/>
						<line number="9" hits="1"/>
						<line number="12" hits="1"/>
						<line number="20" hits="1"/>
						<line number="21" hits="1"/>
						<line number="22" hits="1"/>
						<line number="23" hits="1"/>
						<line number="24" hits="1"/>
						<line number="25" hits="1"/>
						<line number="26" hits="1"/>
						<line number="27" hits="1"/>
						<line number="28" hits="1"/>
						<line number="29" hits="1"/>
						<line number="30" hits="1"/>
						<line number="31" hits="1"/>
						<line number="32" hits="1"/>
						<line number="33" hits="1"/>
						<line number="34" hits="1"/>
						<line number="37" hits="1"/>
						<line number="40" hits="1"/>
						<line number="41" hits="1"/>
						<line number="42" hits="1"/>
						<line number="43" hits="1"/>
						<line number="44" hits="1"/>
						<line number="47" hits="1"/>
						<line number="50" hits="1"/>
						<line number="51" hits="1"/>
						<line number="54" hits="1"/>
						<line number="57" hits="1"/>
						<line number="58" hits="1"/>
						<line number="61" hits="1"/>
						<line number="64" hits="1"/>
						<line number="65" hits="1"/>
						<line number="68" hits="1"/>
						<line number="71" hits="1"/>
						<line number="72" hits="1"/>
						<line number="75" hits="1"/>
						<line number="88" hits="1"/>
						<line number="91" hits="1"/>
						<line number="99" hits="1"/>
						<line number="102" hits="1"/>
						<line number="126" hits="1"/>
						<line number="128" hits="1"/>
						<line number="130" hits="1"/>
						<line number="132" hits="1"/>
						<line number="134" hits="1"/>
						<line number="136" hits="1"/>
						<line number="138" hits="1"/>
						<line number="141" hits="1"/>
						<line number="146" hits="1"/>
						<line number="149" hits="1"/>
						<line number="158" hits="1"/>
						<line number="160" hits="1"/>
						<line number="177" hits="1"/>
						<line number="181" hits="1"/>
						<line number="185" hits="1"/>
						<line number="190" hits="1"/>
						<line number="195" hits="1"/>
						<line number="199" hits="1"/>
						<line number="204" hits="1"/>
						<line number="209" hits="1"/>
						<line number="213" hits="1"/>
						<line number="214" hits="1"/>
						<line number="218" hits="1"/>
						<line number="222" hits="1"/>
						<line number="226" hits="1"/>
						<line number="230" hits="1"/>
						<line number="234" hits="1"/>
						<line number="235" hits="1"/>
						<line number="239" hits="1"/>
						<line number="243" hits="1"/>
						<line number="247" hits="1"/>
						<line number="251" hits="1"/>
						<line number="252" hits="1"/>
						<line number="256" hits="1"/>
						<line number="259" hits="1"/>
						<line number="262" hits="1"/>
						<line number="302" hits="1"/>
						<line number="304" hits="1"/>
						<line number="306" hits="1"/>
						<line number="308" hits="1"/>
						<line number="310" hits="1"/>
						<line number="312" hits="1"/>
						<line number="314" hits="1"/>
						<line number="316" hits="1"/>
						<line number="318" hits="1"/>
						<line number="320" hits="1"/>
						<line number="322" hits="1"/>
						<line number="324" hits="1"/>
						<line number="326" hits="1"/>
						<line number="328" hits="1"/>
						<line number="330" hits="1"/>
						<line number="332" hits="1"/>
						<line number="335" hits="1"/>
						<line number="344" hits="1"/>
						<line number="346" hits="1"/>
						<line number="376" hits="1"/>
					</lines>
				</class>
				<class name="general_tolerances.py" filename="werk24/models/general_tolerances.py" complexity="0" line-rate="0.7656" branch-rate="0">
					<methods/>
					<lines>
						<line number="1" hits="1"/>
						<line number="2" hits="1"/>
						<line number="3" hits="1"/>
						<line number="5" hits="1"/>
						<line number="8" hits="1"/>
						<line number="12" hits="1"/>
						<line number="13" hits="1"/>
						<line number="14" hits="1"/>
						<line number="15" hits="1"/>
						<line number="18" hits="1"/>
						<line number="22" hits="1"/>
						<line number="23" hits="1"/>
						<line number="24" hits="1"/>
						<line number="25" hits="1"/>
						<line number="26" hits="1"/>
						<line number="27" hits="1"/>
						<line number="28" hits="1"/>
						<line number="29" hits="1"/>
						<line number="32" hits="1"/>
						<line number="36" hits="1"/>
						<line number="37" hits="1"/>
						<line number="40" hits="1"/>
						<line number="42" hits="1"/>
						<line number="43" hits="1"/>
						<line number="50" hits="0"/>
						<line number="52" hits="1"/>
						<line number="53" hits="1"/>
						<line number="60" hits="0"/>
						<line number="62" hits="1"/>
						<line number="63" hits="1"/>
						<line number="84" hits="0"/>
						<line number="87" hits="0"/>
						<line number="90" hits="0"/>
						<line number="91" hits="0"/>
						<line number="94" hits="0"/>
						<line number="95" hits="0"/>
						<line number="99" hits="0"/>
						<line number="100" hits="0"/>
						<line number="104" hits="0"/>
						<line number="108" hits="0"/>
						<line number="111" hits="0"/>
						<line number="112" hits="0"/>
						<line number="115" hits="0"/>
						<line number="117" hits="1"/>
						<line number="118" hits="1"/>
						<line number="119" hits="1"/>
						<line number="120" hits="1"/>
						<line number="123" hits="1"/>
						<line number="136" hits="1"/>
						<line number="138" hits="1"/>
						<line number="140" hits="1"/>
						<line number="143" hits="1"/>
						<line number="148" hits="1"/>
						<line number="152" hits="1"/>
						<line number="157" hits="1"/>
						<line number="162" hits="1"/>
						<line number="165" hits="1"/>
						<line number="168" hits="1"/>
						<line number="171" hits="1"/>
						<line number="174" hits="1"/>
						<line number="177" hits="1"/>
						<line number="180" hits="1"/>
						<line number="183" hits="1"/>
						<line number="184" hits="1"/>
					</lines>
				</class>
				<class name="geometric_shape.py" filename="werk24/models/geometric_shape.py" complexity="0" line-rate="1" branch-rate="0">
					<methods/>
					<lines>
						<line number="1" hits="1"/>
						<line number="2" hits="1"/>
						<line number="5" hits="1"/>
						<line number="15" hits="1"/>
						<line number="16" hits="1"/>
						<line number="17" hits="1"/>
						<line number="20" hits="1"/>
						<line number="28" hits="1"/>
						<line number="29" hits="1"/>
					</lines>
				</class>
				<class name="language.py" filename="werk24/models/language.py" complexity="0" line-rate="1" branch-rate="0">
					<methods/>
					<lines>
						<line number="1" hits="1"/>
						<line number="4" hits="1"/>
						<line number="9" hits="1"/>
						<line number="12" hits="1"/>
						<line number="15" hits="1"/>
						<line number="18" hits="1"/>
						<line number="21" hits="1"/>
						<line number="24" hits="1"/>
						<line number="25" hits="1"/>
					</lines>
				</class>
				<class name="leader.py" filename="werk24/models/leader.py" complexity="0" line-rate="1" branch-rate="0">
					<methods/>
					<lines>
						<line number="2" hits="1"/>
						<line number="7" hits="1"/>
						<line number="9" hits="1"/>
						<line number="12" hits="1"/>
						<line number="13" hits="1"/>
						<line number="14" hits="1"/>
						<line number="18" hits="1"/>
						<line number="22" hits="1"/>
						<line number="26" hits="1"/>
						<line number="35" hits="1"/>
						<line number="41" hits="1"/>
						<line number="45" hits="1"/>
						<line number="46" hits="1"/>
					</lines>
				</class>
				<class name="material.py" filename="werk24/models/material.py" complexity="0" line-rate="1" branch-rate="0">
					<methods/>
					<lines>
						<line number="1" hits="1"/>
						<line number="2" hits="1"/>
						<line number="4" hits="1"/>
						<line number="7" hits="1"/>
						<line number="12" hits="1"/>
						<line number="17" hits="1"/>
						<line number="22" hits="1"/>
						<line number="27" hits="1"/>
						<line number="32" hits="1"/>
						<line number="37" hits="1"/>
						<line number="42" hits="1"/>
						<line number="43" hits="1"/>
						<line number="48" hits="1"/>
						<line number="59" hits="1"/>
						<line number="61" hits="1"/>
						<line number="64" hits="1"/>
						<line number="83" hits="1"/>
						<line number="85" hits="1"/>
						<line number="87" hits="1"/>
						<line number="89" hits="1"/>
					</lines>
				</class>
				<class name="measure.py" filename="werk24/models/measure.py" complexity="0" line-rate="0.9744" branch-rate="0">
					<methods/>
					<lines>
						<line number="2" hits="1"/>
						<line number="5" hits="1"/>
						<line number="6" hits="1"/>
						<line number="8" hits="1"/>
						<line number="10" hits="1"/>
						<line number="11" hits="1"/>
						<line number="12" hits="1"/>
						<line number="13" hits="1"/>
						<line number="15" hits="1"/>
						<line number="16" hits="1"/>
						<line number="17" hits="1"/>
						<line number="20" hits="1"/>
						<line number="25" hits="1"/>
						<line number="32" hits="1"/>
						<line number="33" hits="1"/>
						<line number="39" hits="1"/>
						<line number="43" hits="1"/>
						<line number="46" hits="1"/>
						<line number="52" hits="1"/>
						<line number="55" hits="1"/>
						<line number="79" hits="1"/>
						<line number="82" hits="1"/>
						<line number="128" hits="1"/>
						<line number="130" hits="1"/>
						<line number="132" hits="1"/>
						<line number="134" hits="1"/>
						<line number="136" hits="1"/>
						<line number="138" hits="1"/>
						<line number="140" hits="1"/>
						<line number="142" hits="1"/>
						<line number="144" hits="1"/>
						<line number="146" hits="1"/>
						<line number="147" hits="1"/>
						<line number="162" hits="0"/>
						<line number="165" hits="1"/>
						<line number="183" hits="1"/>
						<line number="185" hits="1"/>
						<line number="187" hits="1"/>
						<line number="189" hits="1"/>
					</lines>
				</class>
				<class name="radius.py" filename="werk24/models/radius.py" complexity="0" line-rate="1" branch-rate="0">
					<methods/>
					<lines>
						<line number="2" hits="1"/>
						<line number="5" hits="1"/>
						<line number="7" hits="1"/>
						<line number="9" hits="1"/>
						<line number="10" hits="1"/>
						<line number="11" hits="1"/>
						<line number="14" hits="1"/>
						<line number="34" hits="1"/>
						<line number="36" hits="1"/>
						<line number="38" hits="1"/>
						<line number="40" hits="1"/>
						<line number="42" hits="1"/>
						<line number="45" hits="1"/>
						<line number="59" hits="1"/>
						<line number="61" hits="1"/>
						<line number="63" hits="1"/>
					</lines>
				</class>
				<class name="revision_table.py" filename="werk24/models/revision_table.py" complexity="0" line-rate="1" branch-rate="0">
					<methods/>
					<lines>
						<line number="1" hits="1"/>
						<line number="2" hits="1"/>
						<line number="4" hits="1"/>
						<line number="6" hits="1"/>
						<line number="9" hits="1"/>
						<line number="18" hits="1"/>
						<line number="20" hits="1"/>
						<line number="23" hits="1"/>
						<line number="45" hits="1"/>
						<line number="47" hits="1"/>
						<line number="49" hits="1"/>
						<line number="51" hits="1"/>
						<line number="53" hits="1"/>
						<line number="56" hits="1"/>
						<line number="64" hits="1"/>
					</lines>
				</class>
				<class name="roughness.py" filename="werk24/models/roughness.py" complexity="0" line-rate="1" branch-rate="0">
					<methods/>
					<lines>
						<line number="1" hits="1"/>
						<line number="2" hits="1"/>
						<line number="3" hits="1"/>
						<line number="4" hits="1"/>
						<line number="6" hits="1"/>
						<line number="8" hits="1"/>
						<line number="9" hits="1"/>
						<line number="12" hits="1"/>
						<line number="29" hits="1"/>
						<line number="30" hits="1"/>
						<line number="31" hits="1"/>
						<line number="32" hits="1"/>
						<line number="33" hits="1"/>
						<line number="34" hits="1"/>
						<line number="35" hits="1"/>
						<line number="38" hits="1"/>
						<line number="44" hits="1"/>
						<line number="45" hits="1"/>
						<line number="46" hits="1"/>
						<line number="49" hits="1"/>
						<line number="54" hits="1"/>
						<line number="55" hits="1"/>
						<line number="56" hits="1"/>
						<line number="57" hits="1"/>
						<line number="58" hits="1"/>
						<line number="59" hits="1"/>
						<line number="60" hits="1"/>
						<line number="63" hits="1"/>
						<line number="69" hits="1"/>
						<line number="70" hits="1"/>
						<line number="71" hits="1"/>
						<line number="74" hits="1"/>
						<line number="79" hits="1"/>
						<line number="80" hits="1"/>
						<line number="81" hits="1"/>
						<line number="84" hits="1"/>
						<line number="94" hits="1"/>
						<line number="95" hits="1"/>
						<line number="96" hits="1"/>
						<line number="97" hits="1"/>
						<line number="100" hits="1"/>
						<line number="111" hits="1"/>
						<line number="113" hits="1"/>
						<line number="116" hits="1"/>
						<line number="124" hits="1"/>
						<line number="125" hits="1"/>
						<line number="126" hits="1"/>
						<line number="127" hits="1"/>
						<line number="130" hits="1"/>
						<line number="131" hits="1"/>
						<line number="132" hits="1"/>
						<line number="133" hits="1"/>
						<line number="134" hits="1"/>
						<line number="135" hits="1"/>
						<line number="136" hits="1"/>
						<line number="137" hits="1"/>
						<line number="138" hits="1"/>
						<line number="139" hits="1"/>
						<line number="142" hits="1"/>
						<line number="143" hits="1"/>
						<line number="144" hits="1"/>
						<line number="145" hits="1"/>
						<line number="146" hits="1"/>
						<line number="147" hits="1"/>
						<line number="148" hits="1"/>
						<line number="149" hits="1"/>
						<line number="150" hits="1"/>
						<line number="151" hits="1"/>
						<line number="152" hits="1"/>
						<line number="155" hits="1"/>
						<line number="156" hits="1"/>
						<line number="157" hits="1"/>
						<line number="158" hits="1"/>
						<line number="159" hits="1"/>
						<line number="160" hits="1"/>
						<line number="161" hits="1"/>
						<line number="162" hits="1"/>
						<line number="163" hits="1"/>
						<line number="164" hits="1"/>
						<line number="167" hits="1"/>
						<line number="170" hits="1"/>
						<line number="171" hits="1"/>
						<line number="172" hits="1"/>
						<line number="175" hits="1"/>
						<line number="194" hits="1"/>
						<line number="196" hits="1"/>
						<line number="197" hits="1"/>
						<line number="199" hits="1"/>
						<line number="202" hits="1"/>
						<line number="248" hits="1"/>
						<line number="250" hits="1"/>
						<line number="252" hits="1"/>
						<line number="254" hits="1"/>
						<line number="256" hits="1"/>
						<line number="258" hits="1"/>
						<line number="260" hits="1"/>
						<line number="262" hits="1"/>
						<line number="264" hits="1"/>
						<line number="266" hits="1"/>
						<line number="269" hits="1"/>
						<line number="277" hits="1"/>
						<line number="280" hits="1"/>
						<line number="287" hits="1"/>
						<line number="288" hits="1"/>
						<line number="291" hits="1"/>
						<line number="326" hits="1"/>
						<line number="328" hits="1"/>
						<line number="330" hits="1"/>
						<line number="332" hits="1"/>
						<line number="334" hits="1"/>
						<line number="336" hits="1"/>
						<line number="338" hits="1"/>
						<line number="340" hits="1"/>
						<line number="342" hits="1"/>
						<line number="344" hits="1"/>
						<line number="346" hits="1"/>
						<line number="349" hits="1"/>
						<line number="357" hits="1"/>
						<line number="359" hits="1"/>
					</lines>
				</class>
				<class name="size.py" filename="werk24/models/size.py" complexity="0" line-rate="0.9359" branch-rate="0">
					<methods/>
					<lines>
						<line number="1" hits="1"/>
						<line number="2" hits="1"/>
						<line number="3" hits="1"/>
						<line number="4" hits="1"/>
						<line number="6" hits="1"/>
						<line number="8" hits="1"/>
						<line number="11" hits="1"/>
						<line number="14" hits="1"/>
						<line number="15" hits="1"/>
						<line number="16" hits="1"/>
						<line number="17" hits="1"/>
						<line number="18" hits="1"/>
						<line number="19" hits="1"/>
						<line number="20" hits="1"/>
						<line number="21" hits="1"/>
						<line number="24" hits="1"/>
						<line number="34" hits="1"/>
						<line number="36" hits="1"/>
						<line number="39" hits="1"/>
						<line number="43" hits="1"/>
						<line number="44" hits="1"/>
						<line number="45" hits="1"/>
						<line number="48" hits="1"/>
						<line number="71" hits="1"/>
						<line number="73" hits="1"/>
						<line number="75" hits="1"/>
						<line number="78" hits="1"/>
						<line number="96" hits="1"/>
						<line number="98" hits="1"/>
						<line number="100" hits="1"/>
						<line number="102" hits="1"/>
						<line number="104" hits="1"/>
						<line number="106" hits="1"/>
						<line number="109" hits="1"/>
						<line number="119" hits="1"/>
						<line number="121" hits="1"/>
						<line number="124" hits="1"/>
						<line number="139" hits="1"/>
						<line number="141" hits="1"/>
						<line number="143" hits="1"/>
						<line number="145" hits="1"/>
						<line number="148" hits="1"/>
						<line number="176" hits="1"/>
						<line number="178" hits="1"/>
						<line number="180" hits="1"/>
						<line number="182" hits="1"/>
						<line number="184" hits="1"/>
						<line number="186" hits="1"/>
						<line number="188" hits="1"/>
						<line number="191" hits="1"/>
						<line number="210" hits="1"/>
						<line number="213" hits="1"/>
						<line number="218" hits="1"/>
						<line number="221" hits="1"/>
						<line number="226" hits="1"/>
						<line number="229" hits="1"/>
						<line number="235" hits="1"/>
						<line number="238" hits="1"/>
						<line number="241" hits="1"/>
						<line number="242" hits="1"/>
						<line number="243" hits="1"/>
						<line number="246" hits="1"/>
						<line number="258" hits="1"/>
						<line number="260" hits="1"/>
						<line number="262" hits="1"/>
						<line number="265" hits="1"/>
						<line number="268" hits="1"/>
						<line number="271" hits="1"/>
						<line number="274" hits="1"/>
						<line number="277" hits="1"/>
						<line number="284" hits="1"/>
						<line number="286" hits="1"/>
						<line number="289" hits="1"/>
						<line number="304" hits="0"/>
						<line number="308" hits="0"/>
						<line number="320" hits="0"/>
						<line number="321" hits="0"/>
						<line number="323" hits="0"/>
					</lines>
				</class>
				<class name="techread.py" filename="werk24/models/techread.py" complexity="0" line-rate="0.9865" branch-rate="0">
					<methods/>
					<lines>
						<line number="4" hits="1"/>
						<line number="5" hits="1"/>
						<line number="6" hits="1"/>
						<line number="8" hits="1"/>
						<line number="9" hits="1"/>
						<line number="11" hits="1"/>
						<line number="14" hits="1"/>
						<line number="17" hits="1"/>
						<line number="18" hits="1"/>
						<line number="21" hits="1"/>
						<line number="24" hits="1"/>
						<line number="25" hits="1"/>
						<line number="28" hits="1"/>
						<line number="33" hits="1"/>
						<line number="34" hits="1"/>
						<line number="35" hits="1"/>
						<line number="36" hits="1"/>
						<line number="39" hits="1"/>
						<line number="47" hits="1"/>
						<line number="48" hits="1"/>
						<line number="49" hits="1"/>
						<line number="52" hits="1"/>
						<line number="55" hits="1"/>
						<line number="56" hits="1"/>
						<line number="59" hits="1"/>
						<line number="62" hits="1"/>
						<line number="63" hits="1"/>
						<line number="64" hits="1"/>
						<line number="67" hits="1"/>
						<line number="72" hits="1"/>
						<line number="81" hits="1"/>
						<line number="86" hits="1"/>
						<line number="91" hits="1"/>
						<line number="95" hits="1"/>
						<line number="100" hits="1"/>
						<line number="105" hits="1"/>
						<line number="110" hits="1"/>
						<line number="114" hits="1"/>
						<line number="119" hits="1"/>
						<line number="124" hits="1"/>
						<line number="125" hits="1"/>
						<line number="129" hits="1"/>
						<line number="138" hits="1"/>
						<line number="142" hits="1"/>
						<line number="143" hits="1"/>
						<line number="150" hits="1"/>
						<line number="161" hits="1"/>
						<line number="163" hits="1"/>
						<line number="166" hits="1"/>
						<line number="197" hits="1"/>
						<line number="199" hits="1"/>
						<line number="201" hits="1"/>
						<line number="203" hits="1"/>
						<line number="205" hits="1"/>
						<line number="207" hits="1"/>
						<line number="209" hits="1"/>
						<line number="211" hits="1"/>
						<line number="213" hits="1"/>
						<line number="214" hits="1"/>
						<line number="221" hits="0"/>
						<line number="227" hits="1"/>
						<line number="245" hits="1"/>
						<line number="247" hits="1"/>
						<line number="249" hits="1"/>
						<line number="251" hits="1"/>
						<line number="253" hits="1"/>
						<line number="254" hits="1"/>
						<line number="268" hits="1"/>
						<line number="271" hits="1"/>
						<line number="281" hits="1"/>
						<line number="283" hits="1"/>
						<line number="286" hits="1"/>
						<line number="296" hits="1"/>
						<line number="298" hits="1"/>
					</lines>
				</class>
				<class name="test_dimension.py" filename="werk24/models/test_dimension.py" complexity="0" line-rate="1" branch-rate="0">
					<methods/>
					<lines>
						<line number="1" hits="1"/>
						<line number="2" hits="1"/>
						<line number="3" hits="1"/>
						<line number="4" hits="1"/>
						<line number="7" hits="1"/>
						<line number="8" hits="1"/>
						<line number="9" hits="1"/>
						<line number="10" hits="1"/>
						<line number="11" hits="1"/>
						<line number="12" hits="1"/>
						<line number="15" hits="1"/>
						<line number="30" hits="1"/>
						<line number="31" hits="1"/>
						<line number="32" hits="1"/>
					</lines>
				</class>
				<class name="thread.py" filename="werk24/models/thread.py" complexity="0" line-rate="1" branch-rate="0">
					<methods/>
					<lines>
						<line number="5" hits="1"/>
						<line number="6" hits="1"/>
						<line number="7" hits="1"/>
						<line number="8" hits="1"/>
						<line number="10" hits="1"/>
						<line number="12" hits="1"/>
						<line number="15" hits="1"/>
						<line number="18" hits="1"/>
						<line number="19" hits="1"/>
						<line number="20" hits="1"/>
						<line number="21" hits="1"/>
						<line number="22" hits="1"/>
						<line number="23" hits="1"/>
						<line number="26" hits="1"/>
						<line number="30" hits="1"/>
						<line number="31" hits="1"/>
						<line number="34" hits="1"/>
						<line number="55" hits="1"/>
						<line number="57" hits="1"/>
						<line number="59" hits="1"/>
						<line number="61" hits="1"/>
						<line number="63" hits="1"/>
						<line number="66" hits="1"/>
						<line number="84" hits="1"/>
						<line number="86" hits="1"/>
						<line number="89" hits="1"/>
						<line number="109" hits="1"/>
						<line number="111" hits="1"/>
						<line number="113" hits="1"/>
						<line number="116" hits="1"/>
						<line number="119" hits="1"/>
						<line number="122" hits="1"/>
						<line number="125" hits="1"/>
						<line number="128" hits="1"/>
						<line number="131" hits="1"/>
						<line number="134" hits="1"/>
						<line number="137" hits="1"/>
						<line number="140" hits="1"/>
						<line number="150" hits="1"/>
						<line number="152" hits="1"/>
						<line number="154" hits="1"/>
					</lines>
				</class>
				<class name="title_block.py" filename="werk24/models/title_block.py" complexity="0" line-rate="0.931" branch-rate="0">
					<methods/>
					<lines>
						<line number="1" hits="1"/>
						<line number="2" hits="1"/>
						<line number="4" hits="1"/>
						<line number="6" hits="1"/>
						<line number="7" hits="1"/>
						<line number="8" hits="1"/>
						<line number="9" hits="1"/>
						<line number="10" hits="1"/>
						<line number="12" hits="1"/>
						<line number="21" hits="1"/>
						<line number="23" hits="1"/>
						<line number="27" hits="1"/>
						<line number="39" hits="1"/>
						<line number="41" hits="1"/>
						<line number="43" hits="1"/>
						<line number="46" hits="1"/>
						<line number="52" hits="1"/>
						<line number="53" hits="1"/>
						<line number="54" hits="1"/>
						<line number="56" hits="1"/>
						<line number="61" hits="1"/>
						<line number="62" hits="1"/>
						<line number="63" hits="1"/>
						<line number="65" hits="1"/>
						<line number="87" hits="1"/>
						<line number="89" hits="1"/>
						<line number="91" hits="1"/>
						<line number="93" hits="1"/>
						<line number="95" hits="1"/>
						<line number="98" hits="1"/>
						<line number="127" hits="1"/>
						<line number="129" hits="1"/>
						<line number="131" hits="1"/>
						<line number="133" hits="1"/>
						<line number="135" hits="1"/>
						<line number="137" hits="1"/>
						<line number="139" hits="1"/>
						<line number="141" hits="1"/>
						<line number="144" hits="1"/>
						<line number="145" hits="1"/>
						<line number="163" hits="1"/>
						<line number="165" hits="1"/>
						<line number="166" hits="1"/>
						<line number="184" hits="1"/>
						<line number="186" hits="1"/>
						<line number="187" hits="1"/>
						<line number="205" hits="1"/>
						<line number="209" hits="1"/>
						<line number="211" hits="1"/>
						<line number="212" hits="1"/>
						<line number="229" hits="1"/>
						<line number="230" hits="0"/>
						<line number="232" hits="1"/>
						<line number="233" hits="0"/>
						<line number="235" hits="1"/>
						<line number="236" hits="0"/>
						<line number="240" hits="0"/>
						<line number="242" hits="1"/>
					</lines>
				</class>
				<class name="unit.py" filename="werk24/models/unit.py" complexity="0" line-rate="1" branch-rate="0">
					<methods/>
					<lines>
						<line number="1" hits="1"/>
						<line number="4" hits="1"/>
						<line number="7" hits="1"/>
						<line number="8" hits="1"/>
						<line number="9" hits="1"/>
						<line number="10" hits="1"/>
						<line number="11" hits="1"/>
						<line number="12" hits="1"/>
						<line number="13" hits="1"/>
						<line number="16" hits="1"/>
						<line number="23" hits="1"/>
						<line number="26" hits="1"/>
						<line number="35" hits="1"/>
						<line number="36" hits="1"/>
						<line number="37" hits="1"/>
						<line number="38" hits="1"/>
						<line number="41" hits="1"/>
						<line number="44" hits="1"/>
						<line number="45" hits="1"/>
					</lines>
				</class>
				<class name="weight.py" filename="werk24/models/weight.py" complexity="0" line-rate="1" branch-rate="0">
					<methods/>
					<lines>
						<line number="1" hits="1"/>
						<line number="2" hits="1"/>
						<line number="3" hits="1"/>
						<line number="6" hits="1"/>
						<line number="23" hits="1"/>
						<line number="25" hits="1"/>
						<line number="27" hits="1"/>
						<line number="28" hits="1"/>
					</lines>
				</class>
			</classes>
		</package>
	</packages>
</coverage>
